#
# A fatal error has been detected by the Java Runtime Environment:
#
#  EXCEPTION_ACCESS_VIOLATION (0xc0000005) at pc=0x00007fff03e59ab8, pid=31612, tid=29928
#
# JRE version: OpenJDK Runtime Environment JBR-17.0.8+7-1000.8-nomod (17.0.8+7) (build 17.0.8+7-b1000.8)
# Java VM: OpenJDK 64-Bit Server VM JBR-17.0.8+7-1000.8-nomod (17.0.8+7-b1000.8, mixed mode, tiered, compressed oops, compressed class ptrs, g1 gc, windows-amd64)
# Problematic frame:
# C  [jniLLVM.dll+0x249ab8]
#
# No core dump will be written. Minidumps are not enabled by default on client versions of Windows
#
# If you would like to submit a bug report, please visit:
#   https://youtrack.jetbrains.com/issues/JBR
# The crash happened outside the Java Virtual Machine in native code.
# See problematic frame for where to report the bug.
#

---------------  S U M M A R Y ------------

Command Line: -javaagent:C:\Users\janva\AppData\Local\Programs\IntelliJ IDEA Community Edition\lib\idea_rt.jar=60259:C:\Users\janva\AppData\Local\Programs\IntelliJ IDEA Community Edition\bin -Dfile.encoding=UTF-8 nl.endevelopment.MainKt

Host: 11th Gen Intel(R) Core(TM) i7-11800H @ 2.30GHz, 16 cores, 31G,  Windows 11 , 64 bit Build 22621 (10.0.22621.4391)
Time: Thu Nov 14 23:15:07 2024 W. Europe Standard Time elapsed time: 1.886870 seconds (0d 0h 0m 1s)

---------------  T H R E A D  ---------------

Current thread (0x000001c12ba23d40):  JavaThread "main" [_thread_in_native, id=29928, stack(0x0000001c70d00000,0x0000001c70e00000)]

Stack: [0x0000001c70d00000,0x0000001c70e00000],  sp=0x0000001c70dfeb80,  free space=1018k
Native frames: (J=compiled Java code, j=interpreted, Vv=VM code, C=native code)
C  [jniLLVM.dll+0x249ab8]

Java frames: (J=compiled Java code, j=interpreted, Vv=VM code)
j  org.bytedeco.llvm.global.LLVM.LLVMBuildCall2(Lorg/bytedeco/llvm/LLVM/LLVMBuilderRef;Lorg/bytedeco/llvm/LLVM/LLVMTypeRef;Lorg/bytedeco/llvm/LLVM/LLVMValueRef;Lorg/bytedeco/javacpp/PointerPointer;ILjava/lang/String;)Lorg/bytedeco/llvm/LLVM/LLVMValueRef;+0
j  codegen.CodeGenerator.visit(Lnl/endevelopment/ast/Stmt$PrintStmt;)V+96
j  codegen.CodeGenerator.visit(Lnl/endevelopment/ast/Stmt;)V+56
j  codegen.CodeGenerator.generate(Lnl/endevelopment/ast/Program;)V+111
j  nl.endevelopment.compiler.Compiler.compile(Ljava/lang/String;Ljava/lang/String;)V+127
j  nl.endevelopment.MainKt.main([Ljava/lang/String;)V+81
v  ~StubRoutines::call_stub

siginfo: EXCEPTION_ACCESS_VIOLATION (0xc0000005), reading address 0x0000706d74646461


Register to memory mapping:

RIP=0x00007fff03e59ab8 jniLLVM.dll
RAX=0x0 is NULL
RBX=0x0000001c70dfec30 is pointing into the stack for thread: 0x000001c12ba23d40
RCX=0x000001c1596ee880 points into unknown readable memory: 0x0061006d005c0073 | 73 00 5c 00 6d 00 61 00
RDX=0x0000706d74646461 is an unknown value
RSP=0x0000001c70dfeb80 is pointing into the stack for thread: 0x000001c12ba23d40
RBP=0x000001c159e2a3e0 points into unknown readable memory: 0x000001c15a09e9b0 | b0 e9 09 5a c1 01 00 00
RSI=0x000001c1596ee880 points into unknown readable memory: 0x0061006d005c0073 | 73 00 5c 00 6d 00 61 00
RDI=0x0000001c70dfec20 is pointing into the stack for thread: 0x000001c12ba23d40
R8 =0x0000000000000038 is an unknown value
R9 =0x000001c1596ee820 points into unknown readable memory: 0x0000000000000000 | 00 00 00 00 00 00 00 00
R10=0x0 is NULL
R11=0x0000000000000003 is an unknown value
R12=0x000001c159e28a00 points into unknown readable memory: 0x000001c159e28a10 | 10 8a e2 59 c1 01 00 00
R13=0x000001c15a098fc0 points into unknown readable memory: 0x6e6972706c6c6163 | 63 61 6c 6c 70 72 69 6e
R14=0x000001c1592295d8 points into unknown readable memory: 0x000001c15a1be768 | 68 e7 1b 5a c1 01 00 00
R15=0x000001c159e2a3e0 points into unknown readable memory: 0x000001c15a09e9b0 | b0 e9 09 5a c1 01 00 00


Registers:
RAX=0x0000000000000000, RBX=0x0000001c70dfec30, RCX=0x000001c1596ee880, RDX=0x0000706d74646461
RSP=0x0000001c70dfeb80, RBP=0x000001c159e2a3e0, RSI=0x000001c1596ee880, RDI=0x0000001c70dfec20
R8 =0x0000000000000038, R9 =0x000001c1596ee820, R10=0x0000000000000000, R11=0x0000000000000003
R12=0x000001c159e28a00, R13=0x000001c15a098fc0, R14=0x000001c1592295d8, R15=0x000001c159e2a3e0
RIP=0x00007fff03e59ab8, EFLAGS=0x0000000000010202

Top of Stack: (sp=0x0000001c70dfeb80)
0x0000001c70dfeb80:   00000000000000b0 000001c12ba23d40
0x0000001c70dfeb90:   00007fff41f2adf8 000001c12ba23d40
0x0000001c70dfeba0:   0000000000000000 0000000000000000
0x0000001c70dfebb0:   0000f75847a3333c 000001c159e28a00
0x0000001c70dfebc0:   000001c12ba23ff0 0000000000000010
0x0000001c70dfebd0:   000001c1592295d8 00007fff04eefc02
0x0000001c70dfebe0:   000001c1592295d8 000001c159e2a3e0
0x0000001c70dfebf0:   000001c159e28a00 0000000000000000
0x0000001c70dfec00:   0000001c70dfec30 0000001c70dfec68
0x0000001c70dfec10:   0000000000000000 00007fff41da41c7
0x0000001c70dfec20:   000001c15a098e60 0000000000000002
0x0000001c70dfec30:   0000000000000000 0000000000000000
0x0000001c70dfec40:   000001c15a098fc0 000001c15a098e60
0x0000001c70dfec50:   000001c159e2a3e0 000001c1592295d8
0x0000001c70dfec60:   000001c15a090103 00007fff03ccfb0b
0x0000001c70dfec70:   000001c12ba23ff0 000000000000000a 

Instructions: (pc=0x00007fff03e59ab8)
0x00007fff03e599b8:   8b c1 c3 cc cc cc cc cc 48 89 5c 24 08 48 89 6c
0x00007fff03e599c8:   24 10 48 89 74 24 18 48 89 7c 24 20 41 56 48 83
0x00007fff03e599d8:   ec 50 48 8b 9c 24 80 00 00 00 45 33 d2 49 8b f9
0x00007fff03e599e8:   4d 8b f0 48 8b ea 48 8b f1 0f 10 0b 66 0f 6f c1
0x00007fff03e599f8:   66 0f 73 d8 08 66 48 0f 7e c0 4c 6b d8 38 66 48
0x00007fff03e59a08:   0f 7e c8 4c 03 d8 49 3b c3 74 28 48 83 c0 20 66
0x00007fff03e59a18:   0f 1f 84 00 00 00 00 00 48 8b 48 08 48 2b 08 48
0x00007fff03e59a28:   8d 40 38 48 c1 f9 03 44 03 d1 48 8d 48 e0 49 3b
0x00007fff03e59a38:   cb 75 e5 45 8b 59 08 66 48 0f 7e c9 41 ff c3 66
0x00007fff03e59a48:   0f 6f c1 66 0f 73 d8 08 45 03 da 66 48 0f 7e c0
0x00007fff03e59a58:   33 d2 4c 6b c0 38 4c 03 c1 49 3b c8 74 24 48 83
0x00007fff03e59a68:   c1 20 66 0f 1f 44 00 00 48 8b 41 08 48 2b 01 48
0x00007fff03e59a78:   8d 49 38 48 c1 f8 03 03 d0 48 8d 41 e0 49 3b c0
0x00007fff03e59a88:   75 e6 8b c2 41 b8 38 00 00 00 49 03 41 08 48 8b
0x00007fff03e59a98:   ce 48 8b 55 10 4c 8b ce 48 c1 e0 05 4c 2b c8 48
0x00007fff03e59aa8:   8b 84 24 90 00 00 00 48 89 44 24 28 49 83 e9 20
0x00007fff03e59ab8:   48 8b 12 44 89 5c 24 20 e8 7b ed 0f 01 48 8b 84
0x00007fff03e59ac8:   24 88 00 00 00 4c 8d 4c 24 40 0f 10 03 48 89 44
0x00007fff03e59ad8:   24 28 48 8d 44 24 30 0f 10 0f 4d 8b c6 48 89 44
0x00007fff03e59ae8:   24 20 48 8b d5 48 c7 46 40 00 00 00 00 48 8b ce
0x00007fff03e59af8:   0f 29 44 24 30 0f 29 4c 24 40 e8 19 fd 10 01 48
0x00007fff03e59b08:   8b 5c 24 60 48 8b c6 48 8b 74 24 70 48 8b 6c 24
0x00007fff03e59b18:   68 48 8b 7c 24 78 48 83 c4 50 41 5e c3 cc cc cc
0x00007fff03e59b28:   cc cc cc cc cc cc cc cc 48 89 5c 24 10 57 48 83
0x00007fff03e59b38:   ec 20 48 8b fa 48 8b d9 48 8b 12 48 89 11 48 85
0x00007fff03e59b48:   d2 74 0b 41 b8 02 00 00 00 e8 da da 13 01 8b 4f
0x00007fff03e59b58:   08 48 8b c3 89 4b 08 48 8b 5c 24 38 48 83 c4 20
0x00007fff03e59b68:   5f c3 cc cc cc cc cc cc 66 c7 41 20 01 01 48 8b
0x00007fff03e59b78:   c1 80 3a 00 74 08 48 89 11 c6 41 20 03 c3 c6 41
0x00007fff03e59b88:   20 01 c3 cc cc cc cc cc 48 89 5c 24 08 57 48 83
0x00007fff03e59b98:   ec 20 48 8b f9 48 8b 09 48 8b 59 08 80 7b 19 00
0x00007fff03e59ba8:   75 2e 66 0f 1f 44 00 00 4c 8b 43 10 48 8b d7 48 


Stack slot to memory mapping:
stack at sp + 0 slots: 0x00000000000000b0 is an unknown value
stack at sp + 1 slots: 0x000001c12ba23d40 is a thread
stack at sp + 2 slots: 0x00007fff41f2adf8 jvm.dll::JNI_ArgumentPusherVaArg::`vftable' + 0x0
stack at sp + 3 slots: 0x000001c12ba23d40 is a thread
stack at sp + 4 slots: 0x0 is NULL
stack at sp + 5 slots: 0x0 is NULL
stack at sp + 6 slots: 0x0000f75847a3333c is an unknown value
stack at sp + 7 slots: 0x000001c159e28a00 points into unknown readable memory: 0x000001c159e28a10 | 10 8a e2 59 c1 01 00 00


---------------  P R O C E S S  ---------------

Threads class SMR info:
_java_thread_list=0x000001c1598e4c10, length=15, elements={
0x000001c12ba23d40, 0x000001c154946550, 0x000001c154947720, 0x000001c15497d490,
0x000001c1549954f0, 0x000001c15499abf0, 0x000001c15498ba40, 0x000001c15498dc90,
0x000001c15498e2a0, 0x000001c154990900, 0x000001c154a72fc0, 0x000001c154c1a730,
0x000001c1591821b0, 0x000001c1599d4d00, 0x000001c159dae680
}

Java Threads: ( => current thread )
=>0x000001c12ba23d40 JavaThread "main" [_thread_in_native, id=29928, stack(0x0000001c70d00000,0x0000001c70e00000)]
  0x000001c154946550 JavaThread "Reference Handler" daemon [_thread_blocked, id=12468, stack(0x0000001c71400000,0x0000001c71500000)]
  0x000001c154947720 JavaThread "Finalizer" daemon [_thread_blocked, id=27564, stack(0x0000001c71500000,0x0000001c71600000)]
  0x000001c15497d490 JavaThread "Signal Dispatcher" daemon [_thread_blocked, id=30712, stack(0x0000001c71600000,0x0000001c71700000)]
  0x000001c1549954f0 JavaThread "Attach Listener" daemon [_thread_blocked, id=732, stack(0x0000001c71700000,0x0000001c71800000)]
  0x000001c15499abf0 JavaThread "Service Thread" daemon [_thread_blocked, id=4756, stack(0x0000001c71800000,0x0000001c71900000)]
  0x000001c15498ba40 JavaThread "Monitor Deflation Thread" daemon [_thread_blocked, id=21080, stack(0x0000001c71900000,0x0000001c71a00000)]
  0x000001c15498dc90 JavaThread "C2 CompilerThread0" daemon [_thread_blocked, id=1680, stack(0x0000001c71a00000,0x0000001c71b00000)]
  0x000001c15498e2a0 JavaThread "C1 CompilerThread0" daemon [_thread_blocked, id=31644, stack(0x0000001c71b00000,0x0000001c71c00000)]
  0x000001c154990900 JavaThread "Sweeper thread" daemon [_thread_blocked, id=30504, stack(0x0000001c71c00000,0x0000001c71d00000)]
  0x000001c154a72fc0 JavaThread "Common-Cleaner" daemon [_thread_blocked, id=744, stack(0x0000001c71d00000,0x0000001c71e00000)]
  0x000001c154c1a730 JavaThread "Monitor Ctrl-Break" daemon [_thread_in_native, id=15092, stack(0x0000001c72000000,0x0000001c72100000)]
  0x000001c1591821b0 JavaThread "Notification Thread" daemon [_thread_blocked, id=31696, stack(0x0000001c72100000,0x0000001c72200000)]
  0x000001c1599d4d00 JavaThread "JavaCPP Deallocator" daemon [_thread_blocked, id=1388, stack(0x0000001c71e00000,0x0000001c71f00000)]
  0x000001c159dae680 JavaThread "C1 CompilerThread1" daemon [_thread_blocked, id=10964, stack(0x0000001c71f00000,0x0000001c72000000)]

Other Threads:
  0x000001c151abe8f0 VMThread "VM Thread" [stack: 0x0000001c71300000,0x0000001c71400000] [id=30740]
  0x000001c12baca8b0 WatcherThread [stack: 0x0000001c72200000,0x0000001c72300000] [id=30592]
  0x000001c151900880 GCTaskThread "GC Thread#0" [stack: 0x0000001c70e00000,0x0000001c70f00000] [id=24084]
  0x000001c159ab7270 GCTaskThread "GC Thread#1" [stack: 0x0000001c72500000,0x0000001c72600000] [id=16856]
  0x000001c159158e80 GCTaskThread "GC Thread#2" [stack: 0x0000001c72600000,0x0000001c72700000] [id=30164]
  0x000001c159ab48d0 GCTaskThread "GC Thread#3" [stack: 0x0000001c72700000,0x0000001c72800000] [id=28988]
  0x000001c159ab4b90 GCTaskThread "GC Thread#4" [stack: 0x0000001c72800000,0x0000001c72900000] [id=30400]
  0x000001c15959f580 GCTaskThread "GC Thread#5" [stack: 0x0000001c72900000,0x0000001c72a00000] [id=28572]
  0x000001c15959fcc0 GCTaskThread "GC Thread#6" [stack: 0x0000001c72a00000,0x0000001c72b00000] [id=7028]
  0x000001c15959ff80 GCTaskThread "GC Thread#7" [stack: 0x0000001c72b00000,0x0000001c72c00000] [id=31000]
  0x000001c1595a0650 GCTaskThread "GC Thread#8" [stack: 0x0000001c72c00000,0x0000001c72d00000] [id=14388]
  0x000001c159467680 GCTaskThread "GC Thread#9" [stack: 0x0000001c72d00000,0x0000001c72e00000] [id=31256]
  0x000001c159468c80 GCTaskThread "GC Thread#10" [stack: 0x0000001c72e00000,0x0000001c72f00000] [id=2072]
  0x000001c159468700 GCTaskThread "GC Thread#11" [stack: 0x0000001c72f00000,0x0000001c73000000] [id=11092]
  0x000001c12baa27f0 ConcurrentGCThread "G1 Main Marker" [stack: 0x0000001c70f00000,0x0000001c71000000] [id=19740]
  0x000001c12baa3110 ConcurrentGCThread "G1 Conc#0" [stack: 0x0000001c71000000,0x0000001c71100000] [id=31564]
  0x000001c1519c3de0 ConcurrentGCThread "G1 Refine#0" [stack: 0x0000001c71100000,0x0000001c71200000] [id=11152]
  0x000001c1519c4810 ConcurrentGCThread "G1 Service" [stack: 0x0000001c71200000,0x0000001c71300000] [id=31328]

Threads with active compile tasks:

VM state: not at safepoint (normal execution)

VM Mutex/Monitor currently owned by a thread: None

Heap address: 0x0000000604400000, size: 8124 MB, Compressed Oops mode: Zero based, Oop shift amount: 3

CDS archive(s) not mapped
Compressed class space mapped at: 0x0000000800000000-0x0000000840000000, reserved size: 1073741824
Narrow klass base: 0x0000000800000000, Narrow klass shift: 0, Narrow klass range: 0x40000000

GC Precious Log:
 CPUs: 16 total, 16 available
 Memory: 32487M
 Large Page Support: Disabled
 NUMA Support: Disabled
 Compressed Oops: Enabled (Zero based)
 Heap Region Size: 4M
 Heap Min Capacity: 8M
 Heap Initial Capacity: 508M
 Heap Max Capacity: 8124M
 Pre-touch: Disabled
 Parallel Workers: 13
 Concurrent Workers: 3
 Concurrent Refinement Workers: 13
 Periodic GC: Disabled

Heap:
 garbage-first heap   total 520192K, used 24937K [0x0000000604400000, 0x0000000800000000)
  region size 4096K, 7 young (28672K), 1 survivors (4096K)
 Metaspace       used 10905K, committed 11072K, reserved 1114112K
  class space    used 941K, committed 1024K, reserved 1048576K

Heap Regions: E=young(eden), S=young(survivor), O=old, HS=humongous(starts), HC=humongous(continues), CS=collection set, F=free, OA=open archive, CA=closed archive, TAMS=top-at-mark-start (previous, next)
|   0|0x0000000604400000, 0x0000000604800000, 0x0000000604800000|100%| O|  |TAMS 0x0000000604400000, 0x0000000604400000| Untracked 
|   1|0x0000000604800000, 0x000000060483ba00, 0x0000000604c00000|  5%| O|  |TAMS 0x0000000604800000, 0x0000000604800000| Untracked 
|   2|0x0000000604c00000, 0x0000000604c00000, 0x0000000605000000|  0%| F|  |TAMS 0x0000000604c00000, 0x0000000604c00000| Untracked 
|   3|0x0000000605000000, 0x0000000605000000, 0x0000000605400000|  0%| F|  |TAMS 0x0000000605000000, 0x0000000605000000| Untracked 
|   4|0x0000000605400000, 0x0000000605400000, 0x0000000605800000|  0%| F|  |TAMS 0x0000000605400000, 0x0000000605400000| Untracked 
|   5|0x0000000605800000, 0x0000000605800000, 0x0000000605c00000|  0%| F|  |TAMS 0x0000000605800000, 0x0000000605800000| Untracked 
|   6|0x0000000605c00000, 0x0000000605c00000, 0x0000000606000000|  0%| F|  |TAMS 0x0000000605c00000, 0x0000000605c00000| Untracked 
|   7|0x0000000606000000, 0x0000000606000000, 0x0000000606400000|  0%| F|  |TAMS 0x0000000606000000, 0x0000000606000000| Untracked 
|   8|0x0000000606400000, 0x0000000606400000, 0x0000000606800000|  0%| F|  |TAMS 0x0000000606400000, 0x0000000606400000| Untracked 
|   9|0x0000000606800000, 0x0000000606800000, 0x0000000606c00000|  0%| F|  |TAMS 0x0000000606800000, 0x0000000606800000| Untracked 
|  10|0x0000000606c00000, 0x0000000606c00000, 0x0000000607000000|  0%| F|  |TAMS 0x0000000606c00000, 0x0000000606c00000| Untracked 
|  11|0x0000000607000000, 0x0000000607000000, 0x0000000607400000|  0%| F|  |TAMS 0x0000000607000000, 0x0000000607000000| Untracked 
|  12|0x0000000607400000, 0x0000000607400000, 0x0000000607800000|  0%| F|  |TAMS 0x0000000607400000, 0x0000000607400000| Untracked 
|  13|0x0000000607800000, 0x0000000607800000, 0x0000000607c00000|  0%| F|  |TAMS 0x0000000607800000, 0x0000000607800000| Untracked 
|  14|0x0000000607c00000, 0x0000000607c00000, 0x0000000608000000|  0%| F|  |TAMS 0x0000000607c00000, 0x0000000607c00000| Untracked 
|  15|0x0000000608000000, 0x0000000608000000, 0x0000000608400000|  0%| F|  |TAMS 0x0000000608000000, 0x0000000608000000| Untracked 
|  16|0x0000000608400000, 0x0000000608400000, 0x0000000608800000|  0%| F|  |TAMS 0x0000000608400000, 0x0000000608400000| Untracked 
|  17|0x0000000608800000, 0x0000000608800000, 0x0000000608c00000|  0%| F|  |TAMS 0x0000000608800000, 0x0000000608800000| Untracked 
|  18|0x0000000608c00000, 0x0000000608c00000, 0x0000000609000000|  0%| F|  |TAMS 0x0000000608c00000, 0x0000000608c00000| Untracked 
|  19|0x0000000609000000, 0x0000000609000000, 0x0000000609400000|  0%| F|  |TAMS 0x0000000609000000, 0x0000000609000000| Untracked 
|  20|0x0000000609400000, 0x0000000609400000, 0x0000000609800000|  0%| F|  |TAMS 0x0000000609400000, 0x0000000609400000| Untracked 
|  21|0x0000000609800000, 0x0000000609800000, 0x0000000609c00000|  0%| F|  |TAMS 0x0000000609800000, 0x0000000609800000| Untracked 
|  22|0x0000000609c00000, 0x0000000609c00000, 0x000000060a000000|  0%| F|  |TAMS 0x0000000609c00000, 0x0000000609c00000| Untracked 
|  23|0x000000060a000000, 0x000000060a000000, 0x000000060a400000|  0%| F|  |TAMS 0x000000060a000000, 0x000000060a000000| Untracked 
|  24|0x000000060a400000, 0x000000060a400000, 0x000000060a800000|  0%| F|  |TAMS 0x000000060a400000, 0x000000060a400000| Untracked 
|  25|0x000000060a800000, 0x000000060a800000, 0x000000060ac00000|  0%| F|  |TAMS 0x000000060a800000, 0x000000060a800000| Untracked 
|  26|0x000000060ac00000, 0x000000060ac00000, 0x000000060b000000|  0%| F|  |TAMS 0x000000060ac00000, 0x000000060ac00000| Untracked 
|  27|0x000000060b000000, 0x000000060b000000, 0x000000060b400000|  0%| F|  |TAMS 0x000000060b000000, 0x000000060b000000| Untracked 
|  28|0x000000060b400000, 0x000000060b400000, 0x000000060b800000|  0%| F|  |TAMS 0x000000060b400000, 0x000000060b400000| Untracked 
|  29|0x000000060b800000, 0x000000060b800000, 0x000000060bc00000|  0%| F|  |TAMS 0x000000060b800000, 0x000000060b800000| Untracked 
|  30|0x000000060bc00000, 0x000000060bc00000, 0x000000060c000000|  0%| F|  |TAMS 0x000000060bc00000, 0x000000060bc00000| Untracked 
|  31|0x000000060c000000, 0x000000060c000000, 0x000000060c400000|  0%| F|  |TAMS 0x000000060c000000, 0x000000060c000000| Untracked 
|  32|0x000000060c400000, 0x000000060c400000, 0x000000060c800000|  0%| F|  |TAMS 0x000000060c400000, 0x000000060c400000| Untracked 
|  33|0x000000060c800000, 0x000000060c800000, 0x000000060cc00000|  0%| F|  |TAMS 0x000000060c800000, 0x000000060c800000| Untracked 
|  34|0x000000060cc00000, 0x000000060cc00000, 0x000000060d000000|  0%| F|  |TAMS 0x000000060cc00000, 0x000000060cc00000| Untracked 
|  35|0x000000060d000000, 0x000000060d000000, 0x000000060d400000|  0%| F|  |TAMS 0x000000060d000000, 0x000000060d000000| Untracked 
|  36|0x000000060d400000, 0x000000060d400000, 0x000000060d800000|  0%| F|  |TAMS 0x000000060d400000, 0x000000060d400000| Untracked 
|  37|0x000000060d800000, 0x000000060d800000, 0x000000060dc00000|  0%| F|  |TAMS 0x000000060d800000, 0x000000060d800000| Untracked 
|  38|0x000000060dc00000, 0x000000060dc00000, 0x000000060e000000|  0%| F|  |TAMS 0x000000060dc00000, 0x000000060dc00000| Untracked 
|  39|0x000000060e000000, 0x000000060e000000, 0x000000060e400000|  0%| F|  |TAMS 0x000000060e000000, 0x000000060e000000| Untracked 
|  40|0x000000060e400000, 0x000000060e400000, 0x000000060e800000|  0%| F|  |TAMS 0x000000060e400000, 0x000000060e400000| Untracked 
|  41|0x000000060e800000, 0x000000060e800000, 0x000000060ec00000|  0%| F|  |TAMS 0x000000060e800000, 0x000000060e800000| Untracked 
|  42|0x000000060ec00000, 0x000000060ec00000, 0x000000060f000000|  0%| F|  |TAMS 0x000000060ec00000, 0x000000060ec00000| Untracked 
|  43|0x000000060f000000, 0x000000060f000000, 0x000000060f400000|  0%| F|  |TAMS 0x000000060f000000, 0x000000060f000000| Untracked 
|  44|0x000000060f400000, 0x000000060f400000, 0x000000060f800000|  0%| F|  |TAMS 0x000000060f400000, 0x000000060f400000| Untracked 
|  45|0x000000060f800000, 0x000000060f800000, 0x000000060fc00000|  0%| F|  |TAMS 0x000000060f800000, 0x000000060f800000| Untracked 
|  46|0x000000060fc00000, 0x000000060fc00000, 0x0000000610000000|  0%| F|  |TAMS 0x000000060fc00000, 0x000000060fc00000| Untracked 
|  47|0x0000000610000000, 0x0000000610000000, 0x0000000610400000|  0%| F|  |TAMS 0x0000000610000000, 0x0000000610000000| Untracked 
|  48|0x0000000610400000, 0x0000000610400000, 0x0000000610800000|  0%| F|  |TAMS 0x0000000610400000, 0x0000000610400000| Untracked 
|  49|0x0000000610800000, 0x0000000610800000, 0x0000000610c00000|  0%| F|  |TAMS 0x0000000610800000, 0x0000000610800000| Untracked 
|  50|0x0000000610c00000, 0x0000000610c00000, 0x0000000611000000|  0%| F|  |TAMS 0x0000000610c00000, 0x0000000610c00000| Untracked 
|  51|0x0000000611000000, 0x0000000611000000, 0x0000000611400000|  0%| F|  |TAMS 0x0000000611000000, 0x0000000611000000| Untracked 
|  52|0x0000000611400000, 0x0000000611400000, 0x0000000611800000|  0%| F|  |TAMS 0x0000000611400000, 0x0000000611400000| Untracked 
|  53|0x0000000611800000, 0x0000000611800000, 0x0000000611c00000|  0%| F|  |TAMS 0x0000000611800000, 0x0000000611800000| Untracked 
|  54|0x0000000611c00000, 0x0000000611c00000, 0x0000000612000000|  0%| F|  |TAMS 0x0000000611c00000, 0x0000000611c00000| Untracked 
|  55|0x0000000612000000, 0x0000000612000000, 0x0000000612400000|  0%| F|  |TAMS 0x0000000612000000, 0x0000000612000000| Untracked 
|  56|0x0000000612400000, 0x0000000612400000, 0x0000000612800000|  0%| F|  |TAMS 0x0000000612400000, 0x0000000612400000| Untracked 
|  57|0x0000000612800000, 0x0000000612800000, 0x0000000612c00000|  0%| F|  |TAMS 0x0000000612800000, 0x0000000612800000| Untracked 
|  58|0x0000000612c00000, 0x0000000612c00000, 0x0000000613000000|  0%| F|  |TAMS 0x0000000612c00000, 0x0000000612c00000| Untracked 
|  59|0x0000000613000000, 0x0000000613000000, 0x0000000613400000|  0%| F|  |TAMS 0x0000000613000000, 0x0000000613000000| Untracked 
|  60|0x0000000613400000, 0x0000000613400000, 0x0000000613800000|  0%| F|  |TAMS 0x0000000613400000, 0x0000000613400000| Untracked 
|  61|0x0000000613800000, 0x0000000613800000, 0x0000000613c00000|  0%| F|  |TAMS 0x0000000613800000, 0x0000000613800000| Untracked 
|  62|0x0000000613c00000, 0x0000000613c00000, 0x0000000614000000|  0%| F|  |TAMS 0x0000000613c00000, 0x0000000613c00000| Untracked 
|  63|0x0000000614000000, 0x0000000614000000, 0x0000000614400000|  0%| F|  |TAMS 0x0000000614000000, 0x0000000614000000| Untracked 
|  64|0x0000000614400000, 0x0000000614400000, 0x0000000614800000|  0%| F|  |TAMS 0x0000000614400000, 0x0000000614400000| Untracked 
|  65|0x0000000614800000, 0x0000000614800000, 0x0000000614c00000|  0%| F|  |TAMS 0x0000000614800000, 0x0000000614800000| Untracked 
|  66|0x0000000614c00000, 0x0000000614c00000, 0x0000000615000000|  0%| F|  |TAMS 0x0000000614c00000, 0x0000000614c00000| Untracked 
|  67|0x0000000615000000, 0x0000000615000000, 0x0000000615400000|  0%| F|  |TAMS 0x0000000615000000, 0x0000000615000000| Untracked 
|  68|0x0000000615400000, 0x0000000615400000, 0x0000000615800000|  0%| F|  |TAMS 0x0000000615400000, 0x0000000615400000| Untracked 
|  69|0x0000000615800000, 0x0000000615800000, 0x0000000615c00000|  0%| F|  |TAMS 0x0000000615800000, 0x0000000615800000| Untracked 
|  70|0x0000000615c00000, 0x0000000615c00000, 0x0000000616000000|  0%| F|  |TAMS 0x0000000615c00000, 0x0000000615c00000| Untracked 
|  71|0x0000000616000000, 0x0000000616000000, 0x0000000616400000|  0%| F|  |TAMS 0x0000000616000000, 0x0000000616000000| Untracked 
|  72|0x0000000616400000, 0x0000000616400000, 0x0000000616800000|  0%| F|  |TAMS 0x0000000616400000, 0x0000000616400000| Untracked 
|  73|0x0000000616800000, 0x0000000616800000, 0x0000000616c00000|  0%| F|  |TAMS 0x0000000616800000, 0x0000000616800000| Untracked 
|  74|0x0000000616c00000, 0x0000000616c00000, 0x0000000617000000|  0%| F|  |TAMS 0x0000000616c00000, 0x0000000616c00000| Untracked 
|  75|0x0000000617000000, 0x0000000617000000, 0x0000000617400000|  0%| F|  |TAMS 0x0000000617000000, 0x0000000617000000| Untracked 
|  76|0x0000000617400000, 0x0000000617400000, 0x0000000617800000|  0%| F|  |TAMS 0x0000000617400000, 0x0000000617400000| Untracked 
|  77|0x0000000617800000, 0x0000000617800000, 0x0000000617c00000|  0%| F|  |TAMS 0x0000000617800000, 0x0000000617800000| Untracked 
|  78|0x0000000617c00000, 0x0000000617c00000, 0x0000000618000000|  0%| F|  |TAMS 0x0000000617c00000, 0x0000000617c00000| Untracked 
|  79|0x0000000618000000, 0x0000000618000000, 0x0000000618400000|  0%| F|  |TAMS 0x0000000618000000, 0x0000000618000000| Untracked 
|  80|0x0000000618400000, 0x0000000618400000, 0x0000000618800000|  0%| F|  |TAMS 0x0000000618400000, 0x0000000618400000| Untracked 
|  81|0x0000000618800000, 0x0000000618800000, 0x0000000618c00000|  0%| F|  |TAMS 0x0000000618800000, 0x0000000618800000| Untracked 
|  82|0x0000000618c00000, 0x0000000618c00000, 0x0000000619000000|  0%| F|  |TAMS 0x0000000618c00000, 0x0000000618c00000| Untracked 
|  83|0x0000000619000000, 0x0000000619000000, 0x0000000619400000|  0%| F|  |TAMS 0x0000000619000000, 0x0000000619000000| Untracked 
|  84|0x0000000619400000, 0x0000000619400000, 0x0000000619800000|  0%| F|  |TAMS 0x0000000619400000, 0x0000000619400000| Untracked 
|  85|0x0000000619800000, 0x0000000619800000, 0x0000000619c00000|  0%| F|  |TAMS 0x0000000619800000, 0x0000000619800000| Untracked 
|  86|0x0000000619c00000, 0x0000000619c00000, 0x000000061a000000|  0%| F|  |TAMS 0x0000000619c00000, 0x0000000619c00000| Untracked 
|  87|0x000000061a000000, 0x000000061a000000, 0x000000061a400000|  0%| F|  |TAMS 0x000000061a000000, 0x000000061a000000| Untracked 
|  88|0x000000061a400000, 0x000000061a400000, 0x000000061a800000|  0%| F|  |TAMS 0x000000061a400000, 0x000000061a400000| Untracked 
|  89|0x000000061a800000, 0x000000061a800000, 0x000000061ac00000|  0%| F|  |TAMS 0x000000061a800000, 0x000000061a800000| Untracked 
|  90|0x000000061ac00000, 0x000000061ac00000, 0x000000061b000000|  0%| F|  |TAMS 0x000000061ac00000, 0x000000061ac00000| Untracked 
|  91|0x000000061b000000, 0x000000061b000000, 0x000000061b400000|  0%| F|  |TAMS 0x000000061b000000, 0x000000061b000000| Untracked 
|  92|0x000000061b400000, 0x000000061b400000, 0x000000061b800000|  0%| F|  |TAMS 0x000000061b400000, 0x000000061b400000| Untracked 
|  93|0x000000061b800000, 0x000000061b800000, 0x000000061bc00000|  0%| F|  |TAMS 0x000000061b800000, 0x000000061b800000| Untracked 
|  94|0x000000061bc00000, 0x000000061bc00000, 0x000000061c000000|  0%| F|  |TAMS 0x000000061bc00000, 0x000000061bc00000| Untracked 
|  95|0x000000061c000000, 0x000000061c000000, 0x000000061c400000|  0%| F|  |TAMS 0x000000061c000000, 0x000000061c000000| Untracked 
|  96|0x000000061c400000, 0x000000061c400000, 0x000000061c800000|  0%| F|  |TAMS 0x000000061c400000, 0x000000061c400000| Untracked 
|  97|0x000000061c800000, 0x000000061c800000, 0x000000061cc00000|  0%| F|  |TAMS 0x000000061c800000, 0x000000061c800000| Untracked 
|  98|0x000000061cc00000, 0x000000061cc00000, 0x000000061d000000|  0%| F|  |TAMS 0x000000061cc00000, 0x000000061cc00000| Untracked 
|  99|0x000000061d000000, 0x000000061d000000, 0x000000061d400000|  0%| F|  |TAMS 0x000000061d000000, 0x000000061d000000| Untracked 
| 100|0x000000061d400000, 0x000000061d400000, 0x000000061d800000|  0%| F|  |TAMS 0x000000061d400000, 0x000000061d400000| Untracked 
| 101|0x000000061d800000, 0x000000061d800000, 0x000000061dc00000|  0%| F|  |TAMS 0x000000061d800000, 0x000000061d800000| Untracked 
| 102|0x000000061dc00000, 0x000000061dc00000, 0x000000061e000000|  0%| F|  |TAMS 0x000000061dc00000, 0x000000061dc00000| Untracked 
| 103|0x000000061e000000, 0x000000061e000000, 0x000000061e400000|  0%| F|  |TAMS 0x000000061e000000, 0x000000061e000000| Untracked 
| 104|0x000000061e400000, 0x000000061e400000, 0x000000061e800000|  0%| F|  |TAMS 0x000000061e400000, 0x000000061e400000| Untracked 
| 105|0x000000061e800000, 0x000000061e800000, 0x000000061ec00000|  0%| F|  |TAMS 0x000000061e800000, 0x000000061e800000| Untracked 
| 106|0x000000061ec00000, 0x000000061ec00000, 0x000000061f000000|  0%| F|  |TAMS 0x000000061ec00000, 0x000000061ec00000| Untracked 
| 107|0x000000061f000000, 0x000000061f000000, 0x000000061f400000|  0%| F|  |TAMS 0x000000061f000000, 0x000000061f000000| Untracked 
| 108|0x000000061f400000, 0x000000061f400000, 0x000000061f800000|  0%| F|  |TAMS 0x000000061f400000, 0x000000061f400000| Untracked 
| 109|0x000000061f800000, 0x000000061f800000, 0x000000061fc00000|  0%| F|  |TAMS 0x000000061f800000, 0x000000061f800000| Untracked 
| 110|0x000000061fc00000, 0x000000061fc00000, 0x0000000620000000|  0%| F|  |TAMS 0x000000061fc00000, 0x000000061fc00000| Untracked 
| 111|0x0000000620000000, 0x0000000620000000, 0x0000000620400000|  0%| F|  |TAMS 0x0000000620000000, 0x0000000620000000| Untracked 
| 112|0x0000000620400000, 0x0000000620400000, 0x0000000620800000|  0%| F|  |TAMS 0x0000000620400000, 0x0000000620400000| Untracked 
| 113|0x0000000620800000, 0x0000000620800000, 0x0000000620c00000|  0%| F|  |TAMS 0x0000000620800000, 0x0000000620800000| Untracked 
| 114|0x0000000620c00000, 0x0000000620c00000, 0x0000000621000000|  0%| F|  |TAMS 0x0000000620c00000, 0x0000000620c00000| Untracked 
| 115|0x0000000621000000, 0x0000000621000000, 0x0000000621400000|  0%| F|  |TAMS 0x0000000621000000, 0x0000000621000000| Untracked 
| 116|0x0000000621400000, 0x0000000621400000, 0x0000000621800000|  0%| F|  |TAMS 0x0000000621400000, 0x0000000621400000| Untracked 
| 117|0x0000000621800000, 0x0000000621800000, 0x0000000621c00000|  0%| F|  |TAMS 0x0000000621800000, 0x0000000621800000| Untracked 
| 118|0x0000000621c00000, 0x0000000621c00000, 0x0000000622000000|  0%| F|  |TAMS 0x0000000621c00000, 0x0000000621c00000| Untracked 
| 119|0x0000000622000000, 0x000000062201ec90, 0x0000000622400000|  3%| S|CS|TAMS 0x0000000622000000, 0x0000000622000000| Complete 
| 120|0x0000000622400000, 0x0000000622400000, 0x0000000622800000|  0%| F|  |TAMS 0x0000000622400000, 0x0000000622400000| Untracked 
| 121|0x0000000622800000, 0x0000000622a54210, 0x0000000622c00000| 58%| E|  |TAMS 0x0000000622800000, 0x0000000622800000| Complete 
| 122|0x0000000622c00000, 0x0000000623000000, 0x0000000623000000|100%| E|CS|TAMS 0x0000000622c00000, 0x0000000622c00000| Complete 
| 123|0x0000000623000000, 0x0000000623400000, 0x0000000623400000|100%| E|CS|TAMS 0x0000000623000000, 0x0000000623000000| Complete 
| 124|0x0000000623400000, 0x0000000623800000, 0x0000000623800000|100%| E|CS|TAMS 0x0000000623400000, 0x0000000623400000| Complete 
| 125|0x0000000623800000, 0x0000000623c00000, 0x0000000623c00000|100%| E|CS|TAMS 0x0000000623800000, 0x0000000623800000| Complete 
| 126|0x0000000623c00000, 0x0000000624000000, 0x0000000624000000|100%| E|CS|TAMS 0x0000000623c00000, 0x0000000623c00000| Complete 

Card table byte_map: [0x000001c13fa50000,0x000001c140a30000] _byte_map_base: 0x000001c13ca2e000

Marking Bits (Prev, Next): (CMBitMap*) 0x000001c12ba920f0, (CMBitMap*) 0x000001c12ba92130
 Prev Bits: [0x000001c141a10000, 0x000001c149900000)
 Next Bits: [0x000001c149900000, 0x000001c1517f0000)

Polling page: 0x000001c129990000

Metaspace:

Usage:
  Non-class:      9.73 MB used.
      Class:    941.04 KB used.
       Both:     10.65 MB used.

Virtual space:
  Non-class space:       64.00 MB reserved,       9.81 MB ( 15%) committed,  1 nodes.
      Class space:        1.00 GB reserved,       1.00 MB ( <1%) committed,  1 nodes.
             Both:        1.06 GB reserved,      10.81 MB ( <1%) committed. 

Chunk freelists:
   Non-Class:  6.05 MB
       Class:  14.94 MB
        Both:  20.98 MB

MaxMetaspaceSize: unlimited
CompressedClassSpaceSize: 1.00 GB
Initial GC threshold: 21.00 MB
Current GC threshold: 21.00 MB
CDS: off
MetaspaceReclaimPolicy: balanced
 - commit_granule_bytes: 65536.
 - commit_granule_words: 8192.
 - virtual_space_node_default_size: 8388608.
 - enlarge_chunks_in_place: 1.
 - new_chunks_are_fully_committed: 0.
 - uncommit_free_chunks: 1.
 - use_allocation_guard: 0.
 - handle_deallocations: 1.


Internal statistics:

num_allocs_failed_limit: 0.
num_arena_births: 36.
num_arena_deaths: 0.
num_vsnodes_births: 2.
num_vsnodes_deaths: 0.
num_space_committed: 173.
num_space_uncommitted: 0.
num_chunks_returned_to_freelist: 0.
num_chunks_taken_from_freelist: 145.
num_chunk_merges: 0.
num_chunk_splits: 98.
num_chunks_enlarged: 79.
num_inconsistent_stats: 0.

CodeHeap 'non-profiled nmethods': size=119168Kb used=668Kb max_used=668Kb free=118499Kb
 bounds [0x000001c136d80000, 0x000001c136ff0000, 0x000001c13e1e0000]
CodeHeap 'profiled nmethods': size=119104Kb used=1606Kb max_used=1606Kb free=117497Kb
 bounds [0x000001c12f1e0000, 0x000001c12f450000, 0x000001c136630000]
CodeHeap 'non-nmethods': size=7488Kb used=1734Kb max_used=1770Kb free=5753Kb
 bounds [0x000001c136630000, 0x000001c1368a0000, 0x000001c136d80000]
 total_blobs=1447 nmethods=996 adapters=363
 compilation: enabled
              stopped_count=0, restarted_count=0
 full_count=0

Compilation events (20 events):
Event: 1.875 Thread 0x000001c15498e2a0  987   !   3       jdk.internal.misc.ScopedMemoryAccess::getShortUnalignedInternal (38 bytes)
Event: 1.875 Thread 0x000001c159dae680  988       3       jdk.internal.misc.Unsafe::getShortUnaligned (12 bytes)
Event: 1.876 Thread 0x000001c159dae680 nmethod 988 0x000001c12f36c410 code [0x000001c12f36c5c0, 0x000001c12f36c7f8]
Event: 1.876 Thread 0x000001c159dae680  989       3       jdk.internal.misc.Unsafe::getShortUnaligned (33 bytes)
Event: 1.876 Thread 0x000001c15498e2a0 nmethod 987 0x000001c12f36c910 code [0x000001c12f36cae0, 0x000001c12f36ce98]
Event: 1.876 Thread 0x000001c15498e2a0  990       3       jdk.internal.misc.Unsafe::convEndian (16 bytes)
Event: 1.876 Thread 0x000001c15498e2a0 nmethod 990 0x000001c12f36d090 code [0x000001c12f36d220, 0x000001c12f36d3d8]
Event: 1.876 Thread 0x000001c159dae680 nmethod 989 0x000001c12f36d490 code [0x000001c12f36d660, 0x000001c12f36da18]
Event: 1.876 Thread 0x000001c15498e2a0  991       3       java.lang.Short::reverseBytes (14 bytes)
Event: 1.876 Thread 0x000001c159dae680  994       3       java.net.URL::toString (5 bytes)
Event: 1.876 Thread 0x000001c15498e2a0 nmethod 991 0x000001c12f36db90 code [0x000001c12f36dd20, 0x000001c12f36de18]
Event: 1.876 Thread 0x000001c15498e2a0  993       3       java.lang.ProcessEnvironment$NameComparator::compare (13 bytes)
Event: 1.876 Thread 0x000001c159dae680 nmethod 994 0x000001c12f36de90 code [0x000001c12f36e040, 0x000001c12f36e268]
Event: 1.876 Thread 0x000001c15498e2a0 nmethod 993 0x000001c12f36e390 code [0x000001c12f36e540, 0x000001c12f36e868]
Event: 1.876 Thread 0x000001c15498e2a0  995       3       java.util.jar.Attributes::getValue (9 bytes)
Event: 1.876 Thread 0x000001c159dae680  996       3       java.util.jar.Attributes::get (11 bytes)
Event: 1.876 Thread 0x000001c159dae680 nmethod 996 0x000001c12f36e990 code [0x000001c12f36eb40, 0x000001c12f36ed28]
Event: 1.876 Thread 0x000001c15498e2a0 nmethod 995 0x000001c12f36ee10 code [0x000001c12f36efc0, 0x000001c12f36f2e8]
Event: 1.877 Thread 0x000001c159dae680  997   !   3       jdk.internal.loader.BuiltinClassLoader::findClassOnClassPathOrNull (64 bytes)
Event: 1.879 Thread 0x000001c159dae680 nmethod 997 0x000001c12f36f410 code [0x000001c12f36f800, 0x000001c12f3710f8]

GC Heap History (4 events):
Event: 0.464 GC heap before
{Heap before GC invocations=0 (full 0):
 garbage-first heap   total 520192K, used 20480K [0x0000000604400000, 0x0000000800000000)
  region size 4096K, 6 young (24576K), 0 survivors (0K)
 Metaspace       used 10314K, committed 10432K, reserved 1114112K
  class space    used 825K, committed 896K, reserved 1048576K
}
Event: 0.467 GC heap after
{Heap after GC invocations=1 (full 0):
 garbage-first heap   total 520192K, used 4443K [0x0000000604400000, 0x0000000800000000)
  region size 4096K, 1 young (4096K), 1 survivors (4096K)
 Metaspace       used 10314K, committed 10432K, reserved 1114112K
  class space    used 825K, committed 896K, reserved 1048576K
}
Event: 0.645 GC heap before
{Heap before GC invocations=1 (full 0):
 garbage-first heap   total 520192K, used 29019K [0x0000000604400000, 0x0000000800000000)
  region size 4096K, 7 young (28672K), 1 survivors (4096K)
 Metaspace       used 10330K, committed 10432K, reserved 1114112K
  class space    used 825K, committed 896K, reserved 1048576K
}
Event: 0.647 GC heap after
{Heap after GC invocations=2 (full 0):
 garbage-first heap   total 520192K, used 4457K [0x0000000604400000, 0x0000000800000000)
  region size 4096K, 1 young (4096K), 1 survivors (4096K)
 Metaspace       used 10330K, committed 10432K, reserved 1114112K
  class space    used 825K, committed 896K, reserved 1048576K
}

Dll operation events (3 events):
Event: 0.007 Loaded shared library C:\Users\janva\.jdks\jbr-17.0.8\bin\java.dll
Event: 0.037 Loaded shared library C:\Users\janva\.jdks\jbr-17.0.8\bin\jsvml.dll
Event: 0.142 Loaded shared library C:\Users\janva\.jdks\jbr-17.0.8\bin\zip.dll

Deoptimization events (20 events):
Event: 1.829 Thread 0x000001c12ba23d40 Uncommon trap: trap_request=0xffffffc6 fr.pc=0x000001c136db13f8 relative=0x0000000000001338
Event: 1.829 Thread 0x000001c12ba23d40 Uncommon trap: reason=bimorphic_or_optimized_type_check action=maybe_recompile pc=0x000001c136db13f8 method=java.util.HashMap.putVal(ILjava/lang/Object;Ljava/lang/Object;ZZ)Ljava/lang/Object; @ 152 c2
Event: 1.829 Thread 0x000001c12ba23d40 DEOPT PACKING pc=0x000001c136db13f8 sp=0x0000001c70dfc9a0
Event: 1.829 Thread 0x000001c12ba23d40 DEOPT UNPACKING pc=0x000001c13668a1a3 sp=0x0000001c70dfc930 mode 2
Event: 1.829 Thread 0x000001c12ba23d40 Uncommon trap: trap_request=0xffffffc6 fr.pc=0x000001c136db1338 relative=0x0000000000001278
Event: 1.829 Thread 0x000001c12ba23d40 Uncommon trap: reason=bimorphic_or_optimized_type_check action=maybe_recompile pc=0x000001c136db1338 method=java.util.HashMap.putVal(ILjava/lang/Object;Ljava/lang/Object;ZZ)Ljava/lang/Object; @ 56 c2
Event: 1.829 Thread 0x000001c12ba23d40 DEOPT PACKING pc=0x000001c136db1338 sp=0x0000001c70dfca20
Event: 1.829 Thread 0x000001c12ba23d40 DEOPT UNPACKING pc=0x000001c13668a1a3 sp=0x0000001c70dfc9a8 mode 2
Event: 1.829 Thread 0x000001c12ba23d40 Uncommon trap: trap_request=0xffffff45 fr.pc=0x000001c136e0edfc relative=0x0000000000000afc
Event: 1.829 Thread 0x000001c12ba23d40 Uncommon trap: reason=unstable_if action=reinterpret pc=0x000001c136e0edfc method=jdk.internal.loader.URLClassPath.findResource(Ljava/lang/String;Z)Ljava/net/URL; @ 24 c2
Event: 1.829 Thread 0x000001c12ba23d40 DEOPT PACKING pc=0x000001c136e0edfc sp=0x0000001c70dfc720
Event: 1.829 Thread 0x000001c12ba23d40 DEOPT UNPACKING pc=0x000001c13668a1a3 sp=0x0000001c70dfc740 mode 2
Event: 1.830 Thread 0x000001c12ba23d40 Uncommon trap: trap_request=0xffffff45 fr.pc=0x000001c136db62d8 relative=0x0000000000000238
Event: 1.830 Thread 0x000001c12ba23d40 Uncommon trap: reason=unstable_if action=reinterpret pc=0x000001c136db62d8 method=java.util.zip.ZipCoder.hash(Ljava/lang/String;)I @ 23 c2
Event: 1.830 Thread 0x000001c12ba23d40 DEOPT PACKING pc=0x000001c136db62d8 sp=0x0000001c70dfc730
Event: 1.830 Thread 0x000001c12ba23d40 DEOPT UNPACKING pc=0x000001c13668a1a3 sp=0x0000001c70dfc6c8 mode 2
Event: 1.877 Thread 0x000001c12ba23d40 Uncommon trap: trap_request=0xffffff45 fr.pc=0x000001c136e0c4fc relative=0x00000000000017fc
Event: 1.877 Thread 0x000001c12ba23d40 Uncommon trap: reason=unstable_if action=reinterpret pc=0x000001c136e0c4fc method=jdk.internal.loader.URLClassPath$FileLoader.getResource(Ljava/lang/String;Z)Ljdk/internal/loader/Resource; @ 139 c2
Event: 1.877 Thread 0x000001c12ba23d40 DEOPT PACKING pc=0x000001c136e0c4fc sp=0x0000001c70dfe1e0
Event: 1.877 Thread 0x000001c12ba23d40 DEOPT UNPACKING pc=0x000001c13668a1a3 sp=0x0000001c70dfe1d8 mode 2

Classes unloaded (0 events):
No events

Classes redefined (0 events):
No events

Internal exceptions (7 events):
Event: 0.204 Thread 0x000001c154c1a730 Exception <a 'java/lang/NoSuchMethodError'{0x0000000623aac078}: 'java.lang.Object java.lang.invoke.DirectMethodHandle$Holder.invokeStaticInit(java.lang.Object)'> (0x0000000623aac078) 
thrown [s\src\hotspot\share\interpreter\linkResolver.cpp, line 771]
Event: 0.212 Thread 0x000001c154c1a730 Exception <a 'java/lang/NoSuchMethodError'{0x0000000623ab9648}: 'void java.lang.invoke.DirectMethodHandle$Holder.invokeStatic(java.lang.Object, java.lang.Object)'> (0x0000000623ab9648) 
thrown [s\src\hotspot\share\interpreter\linkResolver.cpp, line 771]
Event: 0.285 Thread 0x000001c12ba23d40 Exception <a 'java/lang/NoSuchMethodError'{0x00000006237a3e68}: 'int java.lang.invoke.DirectMethodHandle$Holder.invokeStaticInit(java.lang.Object, java.lang.Object, java.lang.Object, java.lang.Object)'> (0x00000006237a3e68) 
thrown [s\src\hotspot\share\interpreter\linkResolver.cpp, line 771]
Event: 0.286 Thread 0x000001c12ba23d40 Exception <a 'java/lang/NoSuchMethodError'{0x00000006237ad410}: 'java.lang.Object java.lang.invoke.DirectMethodHandle$Holder.invokeInterface(java.lang.Object, java.lang.Object)'> (0x00000006237ad410) 
thrown [s\src\hotspot\share\interpreter\linkResolver.cpp, line 771]
Event: 0.286 Thread 0x000001c12ba23d40 Exception <a 'java/lang/IncompatibleClassChangeError'{0x00000006237b0960}: Found class java.lang.Object, but interface was expected> (0x00000006237b0960) 
thrown [s\src\hotspot\share\interpreter\linkResolver.cpp, line 838]
Event: 0.287 Thread 0x000001c12ba23d40 Exception <a 'java/lang/NoSuchMethodError'{0x00000006237b3950}: 'void java.lang.invoke.DirectMethodHandle$Holder.invokeStaticInit(java.lang.Object, java.lang.Object)'> (0x00000006237b3950) 
thrown [s\src\hotspot\share\interpreter\linkResolver.cpp, line 771]
Event: 0.288 Thread 0x000001c12ba23d40 Exception <a 'java/lang/NoSuchMethodError'{0x00000006237b9840}: 'int java.lang.invoke.DirectMethodHandle$Holder.invokeStaticInit(java.lang.Object, java.lang.Object)'> (0x00000006237b9840) 
thrown [s\src\hotspot\share\interpreter\linkResolver.cpp, line 771]

VM Operations (16 events):
Event: 0.133 Executing VM operation: HandshakeAllThreads
Event: 0.133 Executing VM operation: HandshakeAllThreads done
Event: 0.202 Executing VM operation: HandshakeAllThreads
Event: 0.202 Executing VM operation: HandshakeAllThreads done
Event: 0.298 Executing VM operation: HandshakeAllThreads
Event: 0.298 Executing VM operation: HandshakeAllThreads done
Event: 0.325 Executing VM operation: HandshakeAllThreads
Event: 0.325 Executing VM operation: HandshakeAllThreads done
Event: 0.464 Executing VM operation: G1CollectForAllocation
Event: 0.467 Executing VM operation: G1CollectForAllocation done
Event: 0.645 Executing VM operation: G1CollectForAllocation
Event: 0.647 Executing VM operation: G1CollectForAllocation done
Event: 1.659 Executing VM operation: Cleanup
Event: 1.659 Executing VM operation: Cleanup done
Event: 1.828 Executing VM operation: HandshakeAllThreads
Event: 1.828 Executing VM operation: HandshakeAllThreads done

Events (20 events):
Event: 0.761 loading class sun/nio/ch/FileLockTable$FileLockReference
Event: 0.761 loading class sun/nio/ch/FileLockTable$FileLockReference done
Event: 0.761 loading class java/nio/channels/spi/AbstractInterruptibleChannel$1
Event: 0.761 loading class sun/nio/ch/Interruptible
Event: 0.761 loading class sun/nio/ch/Interruptible done
Event: 0.761 loading class java/nio/channels/spi/AbstractInterruptibleChannel$1 done
Event: 1.002 Thread 0x000001c159534100 Thread exited: 0x000001c159534100
Event: 1.154 loading class java/io/FileOutputStream$1
Event: 1.154 loading class java/io/FileOutputStream$1 done
Event: 1.302 Loaded shared library C:\Users\janva\.javacpp\cache\llvm-17.0.6-1.5.10-windows-x86_64.jar\org\bytedeco\llvm\windows-x86_64\LTO.dll
Event: 1.303 Thread 0x000001c15981ad90 Thread exited: 0x000001c15981ad90
Event: 1.303 Thread 0x000001c154ba2b70 Thread exited: 0x000001c154ba2b70
Event: 1.303 Thread 0x000001c151a77730 Thread exited: 0x000001c151a77730
Event: 1.342 Loaded shared library C:\Users\janva\.javacpp\cache\llvm-17.0.6-1.5.10-windows-x86_64.jar\org\bytedeco\llvm\windows-x86_64\Remarks.dll
Event: 1.821 Loaded shared library C:\Users\janva\.javacpp\cache\llvm-17.0.6-1.5.10-windows-x86_64.jar\org\bytedeco\llvm\windows-x86_64\jniLLVM.dll
Event: 1.828 loading class java/lang/NumberFormatException
Event: 1.828 loading class java/lang/NumberFormatException done
Event: 1.829 Thread 0x000001c1599d4d00 Thread added: 0x000001c1599d4d00
Event: 1.853 Loaded shared library C:\Users\janva\.javacpp\cache\javacpp-1.5.10-windows-x86_64.jar\org\bytedeco\javacpp\windows-x86_64\jnijavacpp.dll
Event: 1.860 Thread 0x000001c159dae680 Thread added: 0x000001c159dae680


Dynamic libraries:
0x00007ff673640000 - 0x00007ff67364a000 	C:\Users\janva\.jdks\jbr-17.0.8\bin\java.exe
0x00007ff81eeb0000 - 0x00007ff81f0c7000 	C:\WINDOWS\SYSTEM32\ntdll.dll
0x00007ff81da30000 - 0x00007ff81daf4000 	C:\WINDOWS\System32\KERNEL32.DLL
0x00007ff81c4b0000 - 0x00007ff81c869000 	C:\WINDOWS\System32\KERNELBASE.dll
0x00007ff81c2d0000 - 0x00007ff81c3e1000 	C:\WINDOWS\System32\ucrtbase.dll
0x00007fffef2b0000 - 0x00007fffef2cb000 	C:\Users\janva\.jdks\jbr-17.0.8\bin\VCRUNTIME140.dll
0x00007ffff0240000 - 0x00007ffff0257000 	C:\Users\janva\.jdks\jbr-17.0.8\bin\jli.dll
0x00007ff81d610000 - 0x00007ff81d7be000 	C:\WINDOWS\System32\USER32.dll
0x00007ffffbc20000 - 0x00007ffffbeb2000 	C:\WINDOWS\WinSxS\amd64_microsoft.windows.common-controls_6595b64144ccf1df_6.0.22621.4391_none_2715d37f73803e96\COMCTL32.dll
0x00007ff81c920000 - 0x00007ff81c946000 	C:\WINDOWS\System32\win32u.dll
0x00007ff81d880000 - 0x00007ff81d927000 	C:\WINDOWS\System32\msvcrt.dll
0x00007ff81dd20000 - 0x00007ff81dd49000 	C:\WINDOWS\System32\GDI32.dll
0x00007ff81c1b0000 - 0x00007ff81c2cb000 	C:\WINDOWS\System32\gdi32full.dll
0x00007ff81c950000 - 0x00007ff81c9ea000 	C:\WINDOWS\System32\msvcp_win.dll
0x00007ff81e8a0000 - 0x00007ff81e8d1000 	C:\WINDOWS\System32\IMM32.DLL
0x00007ff802c30000 - 0x00007ff802c3c000 	C:\Users\janva\.jdks\jbr-17.0.8\bin\vcruntime140_1.dll
0x00007fffea380000 - 0x00007fffea40d000 	C:\Users\janva\.jdks\jbr-17.0.8\bin\msvcp140.dll
0x00007fff415b0000 - 0x00007fff42233000 	C:\Users\janva\.jdks\jbr-17.0.8\bin\server\jvm.dll
0x00007ff81cf50000 - 0x00007ff81d002000 	C:\WINDOWS\System32\ADVAPI32.dll
0x00007ff81d7c0000 - 0x00007ff81d867000 	C:\WINDOWS\System32\sechost.dll
0x00007ff81c8f0000 - 0x00007ff81c918000 	C:\WINDOWS\System32\bcrypt.dll
0x00007ff81ed50000 - 0x00007ff81ee64000 	C:\WINDOWS\System32\RPCRT4.dll
0x00007ffffb930000 - 0x00007ffffb939000 	C:\WINDOWS\SYSTEM32\WSOCK32.dll
0x00007ff814690000 - 0x00007ff8146c4000 	C:\WINDOWS\SYSTEM32\WINMM.dll
0x00007ff81bac0000 - 0x00007ff81bb0d000 	C:\WINDOWS\SYSTEM32\POWRPROF.dll
0x00007ff81e940000 - 0x00007ff81e9b1000 	C:\WINDOWS\System32\WS2_32.dll
0x00007ff813d40000 - 0x00007ff813d4a000 	C:\WINDOWS\SYSTEM32\VERSION.dll
0x00007ff81ba40000 - 0x00007ff81ba53000 	C:\WINDOWS\SYSTEM32\UMPDC.dll
0x00007ff81b230000 - 0x00007ff81b248000 	C:\WINDOWS\SYSTEM32\kernel.appcore.dll
0x00007ffffb7a0000 - 0x00007ffffb7aa000 	C:\Users\janva\.jdks\jbr-17.0.8\bin\jimage.dll
0x00007ff80b770000 - 0x00007ff80b9a2000 	C:\WINDOWS\SYSTEM32\DBGHELP.DLL
0x00007ff81e9c0000 - 0x00007ff81ed4f000 	C:\WINDOWS\System32\combase.dll
0x00007ff81d950000 - 0x00007ff81da27000 	C:\WINDOWS\System32\OLEAUT32.dll
0x00007ff80b730000 - 0x00007ff80b762000 	C:\WINDOWS\SYSTEM32\dbgcore.DLL
0x00007ff81c870000 - 0x00007ff81c8eb000 	C:\WINDOWS\System32\bcryptPrimitives.dll
0x00007ffff1340000 - 0x00007ffff134e000 	C:\Users\janva\.jdks\jbr-17.0.8\bin\instrument.dll
0x00007fffed860000 - 0x00007fffed885000 	C:\Users\janva\.jdks\jbr-17.0.8\bin\java.dll
0x00007fffed7a0000 - 0x00007fffed7b8000 	C:\Users\janva\.jdks\jbr-17.0.8\bin\zip.dll
0x00007fffe1a90000 - 0x00007fffe1b67000 	C:\Users\janva\.jdks\jbr-17.0.8\bin\jsvml.dll
0x00007ff81dd50000 - 0x00007ff81e5c6000 	C:\WINDOWS\System32\SHELL32.dll
0x00007ff81a0a0000 - 0x00007ff81a9a3000 	C:\WINDOWS\SYSTEM32\windows.storage.dll
0x00007ff819f60000 - 0x00007ff81a09f000 	C:\WINDOWS\SYSTEM32\wintypes.dll
0x00007ff81cbe0000 - 0x00007ff81ccd9000 	C:\WINDOWS\System32\SHCORE.dll
0x00007ff81cd30000 - 0x00007ff81cd8e000 	C:\WINDOWS\System32\shlwapi.dll
0x00007ff81c0e0000 - 0x00007ff81c10b000 	C:\WINDOWS\SYSTEM32\profapi.dll
0x00007fffebb90000 - 0x00007fffebba9000 	C:\Users\janva\.jdks\jbr-17.0.8\bin\net.dll
0x00007ff815d30000 - 0x00007ff815e66000 	C:\WINDOWS\SYSTEM32\WINHTTP.dll
0x00007ff81b6c0000 - 0x00007ff81b729000 	C:\WINDOWS\system32\mswsock.dll
0x00007fffebb70000 - 0x00007fffebb86000 	C:\Users\janva\.jdks\jbr-17.0.8\bin\nio.dll
0x00007ff810990000 - 0x00007ff8109aa000 	C:\Users\janva\AppData\Local\Programs\IntelliJ IDEA Community Edition\bin\breakgen64.dll
0x000001c12b930000 - 0x000001c12b933000 	C:\Users\janva\.jdks\jbr-17.0.8\bin\api-ms-win-crt-locale-l1-1-0.dll
0x000001c12b940000 - 0x000001c12b944000 	C:\Users\janva\.jdks\jbr-17.0.8\bin\api-ms-win-crt-string-l1-1-0.dll
0x000001c12b950000 - 0x000001c12b954000 	C:\Users\janva\.jdks\jbr-17.0.8\bin\api-ms-win-crt-stdio-l1-1-0.dll
0x000001c12b960000 - 0x000001c12b965000 	C:\Users\janva\.jdks\jbr-17.0.8\bin\api-ms-win-crt-math-l1-1-0.dll
0x000001c12b970000 - 0x000001c12b973000 	C:\Users\janva\.jdks\jbr-17.0.8\bin\api-ms-win-crt-heap-l1-1-0.dll
0x000001c12b980000 - 0x000001c12b984000 	C:\Users\janva\.jdks\jbr-17.0.8\bin\api-ms-win-crt-runtime-l1-1-0.dll
0x000001c12b990000 - 0x000001c12b994000 	C:\Users\janva\.jdks\jbr-17.0.8\bin\api-ms-win-crt-convert-l1-1-0.dll
0x000001c12b9a0000 - 0x000001c12b9a3000 	C:\Users\janva\.jdks\jbr-17.0.8\bin\api-ms-win-crt-environment-l1-1-0.dll
0x000001c12b9b0000 - 0x000001c12b9b3000 	C:\Users\janva\.jdks\jbr-17.0.8\bin\api-ms-win-crt-time-l1-1-0.dll
0x000001c12b9c0000 - 0x000001c12b9c3000 	C:\Users\janva\.jdks\jbr-17.0.8\bin\api-ms-win-crt-filesystem-l1-1-0.dll
0x000001c154ec0000 - 0x000001c154ec3000 	C:\Users\janva\.jdks\jbr-17.0.8\bin\api-ms-win-crt-utility-l1-1-0.dll
0x000001c154ed0000 - 0x000001c154ed5000 	C:\Users\janva\.jdks\jbr-17.0.8\bin\api-ms-win-crt-multibyte-l1-1-0.dll
0x000001c154ee0000 - 0x000001c154ee3000 	C:\Users\janva\.jdks\jbr-17.0.8\bin\api-ms-win-crt-conio-l1-1-0.dll
0x000001c154ef0000 - 0x000001c154eff000 	C:\Users\janva\.jdks\jbr-17.0.8\bin\api-ms-win-crt-private-l1-1-0.dll
0x000001c154f00000 - 0x000001c154f03000 	C:\Users\janva\.jdks\jbr-17.0.8\bin\api-ms-win-crt-process-l1-1-0.dll
0x000001c154f10000 - 0x000001c154f13000 	C:\Program Files\PowerShell\7\api-ms-win-core-console-l1-2-0.dll
0x000001c154f20000 - 0x000001c154f23000 	C:\Users\janva\.jdks\jbr-17.0.8\bin\api-ms-win-core-string-l1-1-0.dll
0x000001c154f30000 - 0x000001c154f33000 	C:\Users\janva\.jdks\jbr-17.0.8\bin\api-ms-win-core-errorhandling-l1-1-0.dll
0x000001c154f40000 - 0x000001c154f43000 	C:\Users\janva\.jdks\jbr-17.0.8\bin\api-ms-win-core-timezone-l1-1-0.dll
0x000001c154f50000 - 0x000001c154f54000 	C:\Users\janva\.jdks\jbr-17.0.8\bin\api-ms-win-core-file-l1-1-0.dll
0x000001c154f60000 - 0x000001c154f63000 	C:\Users\janva\.jdks\jbr-17.0.8\bin\api-ms-win-core-namedpipe-l1-1-0.dll
0x000001c154f70000 - 0x000001c154f73000 	C:\Users\janva\.jdks\jbr-17.0.8\bin\api-ms-win-core-handle-l1-1-0.dll
0x000001c154f80000 - 0x000001c154f83000 	C:\Users\janva\.jdks\jbr-17.0.8\bin\api-ms-win-core-file-l2-1-0.dll
0x000001c154f90000 - 0x000001c154f93000 	C:\Users\janva\.jdks\jbr-17.0.8\bin\api-ms-win-core-heap-l1-1-0.dll
0x000001c154fa0000 - 0x000001c154fa3000 	C:\Users\janva\.jdks\jbr-17.0.8\bin\api-ms-win-core-libraryloader-l1-1-0.dll
0x000001c154fb0000 - 0x000001c154fb3000 	C:\Users\janva\.jdks\jbr-17.0.8\bin\api-ms-win-core-synch-l1-1-0.dll
0x000001c154fc0000 - 0x000001c154fc3000 	C:\Users\janva\.jdks\jbr-17.0.8\bin\api-ms-win-core-processthreads-l1-1-0.dll
0x000001c154fd0000 - 0x000001c154fd3000 	C:\Users\janva\.jdks\jbr-17.0.8\bin\api-ms-win-core-processenvironment-l1-1-0.dll
0x000001c154fe0000 - 0x000001c154fe3000 	C:\Users\janva\.jdks\jbr-17.0.8\bin\api-ms-win-core-datetime-l1-1-0.dll
0x000001c154ff0000 - 0x000001c154ff3000 	C:\Users\janva\.jdks\jbr-17.0.8\bin\api-ms-win-core-localization-l1-2-0.dll
0x000001c15b8a0000 - 0x000001c15b8a3000 	C:\Users\janva\.jdks\jbr-17.0.8\bin\api-ms-win-core-sysinfo-l1-1-0.dll
0x000001c15b8b0000 - 0x000001c15b8b3000 	C:\Users\janva\.jdks\jbr-17.0.8\bin\api-ms-win-core-synch-l1-2-0.dll
0x000001c15b8c0000 - 0x000001c15b8c3000 	C:\Users\janva\.jdks\jbr-17.0.8\bin\api-ms-win-core-console-l1-1-0.dll
0x000001c15b8d0000 - 0x000001c15b8d3000 	C:\Users\janva\.jdks\jbr-17.0.8\bin\api-ms-win-core-debug-l1-1-0.dll
0x000001c15b8e0000 - 0x000001c15b8e3000 	C:\Users\janva\.jdks\jbr-17.0.8\bin\api-ms-win-core-rtlsupport-l1-1-0.dll
0x000001c15b8f0000 - 0x000001c15b8f3000 	C:\Users\janva\.jdks\jbr-17.0.8\bin\api-ms-win-core-processthreads-l1-1-1.dll
0x000001c15b900000 - 0x000001c15b903000 	C:\Users\janva\.jdks\jbr-17.0.8\bin\api-ms-win-core-file-l1-2-0.dll
0x000001c15b910000 - 0x000001c15b913000 	C:\Users\janva\.jdks\jbr-17.0.8\bin\api-ms-win-core-profile-l1-1-0.dll
0x000001c15b920000 - 0x000001c15b923000 	C:\Users\janva\.jdks\jbr-17.0.8\bin\api-ms-win-core-memory-l1-1-0.dll
0x000001c15b930000 - 0x000001c15b933000 	C:\Users\janva\.jdks\jbr-17.0.8\bin\api-ms-win-core-util-l1-1-0.dll
0x000001c15b940000 - 0x000001c15b943000 	C:\Users\janva\.jdks\jbr-17.0.8\bin\api-ms-win-core-interlocked-l1-1-0.dll
0x00007fffadcd0000 - 0x00007fffaddc5000 	C:\Users\janva\.jdks\jbr-17.0.8\bin\ucrtbase.dll
0x00007ff814480000 - 0x00007ff814489000 	C:\Windows\System32\msvcp140_1.dll
0x00007fffef2d0000 - 0x00007fffef31d000 	C:\Windows\System32\concrt140.dll
0x00007ffffb6d0000 - 0x00007ffffb700000 	C:\Windows\System32\vcomp140.dll
0x00007fff18ca0000 - 0x00007fff1e816000 	C:\Users\janva\.javacpp\cache\llvm-17.0.6-1.5.10-windows-x86_64.jar\org\bytedeco\llvm\windows-x86_64\LTO.dll
0x00007fffeda50000 - 0x00007fffeda8c000 	C:\Users\janva\.javacpp\cache\llvm-17.0.6-1.5.10-windows-x86_64.jar\org\bytedeco\llvm\windows-x86_64\Remarks.dll
0x00007fff03c10000 - 0x00007fff09992000 	C:\Users\janva\.javacpp\cache\llvm-17.0.6-1.5.10-windows-x86_64.jar\org\bytedeco\llvm\windows-x86_64\jniLLVM.dll
0x00007ff81db60000 - 0x00007ff81dd05000 	C:\WINDOWS\System32\ole32.dll
0x00007ff8102c0000 - 0x00007ff8102cf000 	C:\Users\janva\.javacpp\cache\javacpp-1.5.10-windows-x86_64.jar\org\bytedeco\javacpp\windows-x86_64\jnijavacpp.dll

dbghelp: loaded successfully - version: 4.0.5 - missing functions: none
symbol engine: initialized successfully - sym options: 0x614 - pdb path: .;C:\Users\janva\.jdks\jbr-17.0.8\bin;C:\WINDOWS\SYSTEM32;C:\WINDOWS\WinSxS\amd64_microsoft.windows.common-controls_6595b64144ccf1df_6.0.22621.4391_none_2715d37f73803e96;C:\Users\janva\.jdks\jbr-17.0.8\bin\server;C:\Users\janva\AppData\Local\Programs\IntelliJ IDEA Community Edition\bin;C:\Program Files\PowerShell\7;C:\Users\janva\.javacpp\cache\llvm-17.0.6-1.5.10-windows-x86_64.jar\org\bytedeco\llvm\windows-x86_64;C:\Users\janva\.javacpp\cache\javacpp-1.5.10-windows-x86_64.jar\org\bytedeco\javacpp\windows-x86_64

VM Arguments:
jvm_args: -javaagent:C:\Users\janva\AppData\Local\Programs\IntelliJ IDEA Community Edition\lib\idea_rt.jar=60259:C:\Users\janva\AppData\Local\Programs\IntelliJ IDEA Community Edition\bin -Dfile.encoding=UTF-8 
java_command: nl.endevelopment.MainKt
java_class_path (initial): C:\Users\janva\IdeaProjects\slang\build\classes\kotlin\main;C:\Users\janva\IdeaProjects\slang\build\resources\main;C:\Users\janva\.gradle\caches\modules-2\files-2.1\org.jetbrains.kotlin\kotlin-stdlib\2.0.21\618b539767b4899b4660a83006e052b63f1db551\kotlin-stdlib-2.0.21.jar;C:\Users\janva\.gradle\caches\modules-2\files-2.1\org.bytedeco\llvm-platform\17.0.6-1.5.10\a30149fbdbea19228afd20a26eb78d8c8dbc39b8\llvm-platform-17.0.6-1.5.10.jar;C:\Users\janva\.gradle\caches\modules-2\files-2.1\org.bytedeco\llvm\17.0.6-1.5.10\a3397a6cd6fd3dd583ebce99e143783140449553\llvm-17.0.6-1.5.10.jar;C:\Users\janva\.gradle\caches\modules-2\files-2.1\org.bytedeco\llvm\17.0.6-1.5.10\c9b723b4dd318477efa59d6b79ca28ebbfaae5e4\llvm-17.0.6-1.5.10-linux-arm64.jar;C:\Users\janva\.gradle\caches\modules-2\files-2.1\org.bytedeco\llvm\17.0.6-1.5.10\a20ca1b9620fc63dd3becd8b4ad5dc502dfaadcb\llvm-17.0.6-1.5.10-linux-ppc64le.jar;C:\Users\janva\.gradle\caches\modules-2\files-2.1\org.bytedeco\llvm\17.0.6-1.5.10\458d0d1e79d11822745d90968c4a1cc0e5bd2af1\llvm-17.0.6-1.5.10-linux-x86_64.jar;C:\Users\janva\.gradle\caches\modules-2\files-2.1\org.bytedeco\llvm\17.0.6-1.5.10\9fc684251e36911aa28e19fff0d1441bad3022e\llvm-17.0.6-1.5.10-macosx-arm64.jar;C:\Users\janva\.gradle\caches\modules-2\files-2.1\org.bytedeco\llvm\17.0.6-1.5.10\f3409ed281d06d2796309f49175172a75d866b40\llvm-17.0.6-1.5.10-macosx-x86_64.jar;C:\Users\janva\.gradle\caches\modules-2\files-2.1\org.bytedeco\llvm\17.0.6-1.5.10\9d2c755961e9092a6a48d3c790141e46b1147e8f\llvm-17.0.6-1.5.10-windows-x86_64.jar;C:\Users\janva\.gradle\caches\modules-2\files-2.1\org.jetbrains\annotations\13.0\919f0dfe192fb4e063e7dacadee7f8bb9a2672a9\annotations-13.0.jar;C:\Users\janva\.gradle\caches\modules-2\files-2.1\org.bytedeco\javacpp-platform\1.5.10\93c45ea62aecd09325a35144191d6221e4b28f5c\javacpp-platform-1.5.10.jar;C:\Users\janva\.gradle\caches\modules-2\files-2.1\org.bytedeco\javacpp\1.5.10\afb6ae145e7563c66b677cb4896dd0197d49fce6\javacpp-1.5.10
Launcher Type: SUN_STANDARD

[Global flags]
     intx CICompilerCount                          = 12                                        {product} {ergonomic}
     uint ConcGCThreads                            = 3                                         {product} {ergonomic}
     uint G1ConcRefinementThreads                  = 13                                        {product} {ergonomic}
   size_t G1HeapRegionSize                         = 4194304                                   {product} {ergonomic}
    uintx GCDrainStackTargetSize                   = 64                                        {product} {ergonomic}
   size_t InitialHeapSize                          = 532676608                                 {product} {ergonomic}
   size_t MarkStackSize                            = 4194304                                   {product} {ergonomic}
   size_t MaxHeapSize                              = 8518631424                                {product} {ergonomic}
   size_t MaxNewSize                               = 5108662272                                {product} {ergonomic}
   size_t MinHeapDeltaBytes                        = 4194304                                   {product} {ergonomic}
   size_t MinHeapSize                              = 8388608                                   {product} {ergonomic}
    uintx NonNMethodCodeHeapSize                   = 7602480                                {pd product} {ergonomic}
    uintx NonProfiledCodeHeapSize                  = 122027880                              {pd product} {ergonomic}
    uintx ProfiledCodeHeapSize                     = 122027880                              {pd product} {ergonomic}
    uintx ReservedCodeCacheSize                    = 251658240                              {pd product} {ergonomic}
     bool SegmentedCodeCache                       = true                                      {product} {ergonomic}
   size_t SoftMaxHeapSize                          = 8518631424                             {manageable} {ergonomic}
     bool UseCompressedClassPointers               = true                           {product lp64_product} {ergonomic}
     bool UseCompressedOops                        = true                           {product lp64_product} {ergonomic}
     bool UseG1GC                                  = true                                      {product} {ergonomic}
     bool UseLargePagesIndividualAllocation        = false                                  {pd product} {ergonomic}

Logging:
Log output configuration:
 #0: stdout all=warning uptime,level,tags
 #1: stderr all=off uptime,level,tags

Environment Variables:
PATH=C:\Program Files (x86)\VMware\VMware Player\bin\;C:\Windows\system32;C:\Windows;C:\Windows\System32\Wbem;C:\Windows\System32\WindowsPowerShell\v1.0\;C:\Windows\System32\OpenSSH\;C:\Program Files (x86)\NVIDIA Corporation\PhysX\Common;C:\Program Files\NVIDIA Corporation\NVIDIA NvDLISR;C:\Program Files\PowerShell\7\;C:\Program Files\dotnet\;C:\WINDOWS\system32;C:\WINDOWS;C:\WINDOWS\System32\Wbem;C:\WINDOWS\System32\WindowsPowerShell\v1.0\;C:\WINDOWS\System32\OpenSSH\;C:\Program Files\Perforce\;C:\Program Files\Microsoft\Web Platform Installer\;C:\Program Files\Android\Android Studio\jre\bin;C:\Program Files\Git LFS;C:\Program Files\WireGuard\;C:\Program Files\Docker\Docker\resources\bin;C:\ProgramData\DockerDesktop\version-bin;C:\WINDOWS\system32;C:\WINDOWS;C:\WINDOWS\System32\Wbem;C:\WINDOWS\System32\WindowsPowerShell\v1.0\;C:\WINDOWS\System32\OpenSSH\;C:\Program Files\nodejs\;C:\Program Files\usbipd-win\;C:\Program Files\Git\cmd;C:\Users\janva\.cargo\bin;C:\Users\janva\AppData\Local\Programs\Python\Launcher\;C:\Ruby31-x64\bin;C:\Users\janva\AppData\Local\Microsoft\WindowsApps;C:\Program Files\Azure Data Studio\bin;C:\Program Files\JetBrains\IntelliJ IDEA Community Edition 2021.2.2\bin;C:\Users\janva\AppData\Local\Programs\Microsoft VS Code\bin;C:\Users\janva\.dotnet\tools;C:\Users\janva\AppData\Local\JetBrains\Toolbox\scripts;C:\Users\janva\AppDataa\Local\Android\Sdk\platform-tools;C:\Users\janva\AppData\Local\Microsoft\WindowsApps;C:\Users\janva\AppData\Roaming\npm;C:\Users\janva\.dotnet\tools
USERNAME=janva
OS=Windows_NT
PROCESSOR_IDENTIFIER=Intel64 Family 6 Model 141 Stepping 1, GenuineIntel
TMP=C:\Users\janva\AppData\Local\Temp
TEMP=C:\Users\janva\AppData\Local\Temp


JNI global refs:
JNI global refs: 22, weak refs: 192

JNI global refs memory usage: 843, weak refs: 2105

OOME stack traces (most recent first):
Classloader memory used:
Loader bootstrap                                                                       : 1094K
Loader jdk.internal.loader.ClassLoaders$AppClassLoader                                 : 268K


---------------  S Y S T E M  ---------------

OS:
 Windows 11 , 64 bit Build 22621 (10.0.22621.4391)
OS uptime: 0 days 5:23 hours
Hyper-V role detected

CPU: total 16 (initial active 16) (8 cores per cpu, 2 threads per core) family 6 model 141 stepping 1 microcode 0x52, cx8, cmov, fxsr, ht, mmx, 3dnowpref, sse, sse2, sse3, ssse3, sse4.1, sse4.2, popcnt, lzcnt, tsc, tscinvbit, avx, avx2, aes, erms, clmul, bmi1, bmi2, adx, avx512f, avx512dq, avx512cd, avx512bw, avx512vl, sha, fma, vzeroupper, avx512_vpopcntdq, avx512_vpclmulqdq, avx512_vaes, avx512_vnni, clflush, clflushopt, clwb, avx512_vbmi2, avx512_vbmi, hv
Processor Information for all 16 processors :
  Max Mhz: 2304, Current Mhz: 2304, Mhz Limit: 2304

Memory: 4k page, system-wide physical 32487M (11547M free)
TotalPageFile size 34535M (AvailPageFile size 3586M)
current process WorkingSet (physical memory assigned to process): 135M, peak: 135M
current process commit charge ("private bytes"): 668M, peak: 668M

vm_info: OpenJDK 64-Bit Server VM (17.0.8+7-b1000.8) for windows-amd64 JRE (17.0.8+7-b1000.8), built on 2023-08-04 by "builduser" with MS VC++ 16.10 / 16.11 (VS2019)

END.
