#
# A fatal error has been detected by the Java Runtime Environment:
#
#  EXCEPTION_ACCESS_VIOLATION (0xc0000005) at pc=0x00007ffef7679ab8, pid=35108, tid=34792
#
# JRE version: OpenJDK Runtime Environment JBR-17.0.8+7-1000.8-nomod (17.0.8+7) (build 17.0.8+7-b1000.8)
# Java VM: OpenJDK 64-Bit Server VM JBR-17.0.8+7-1000.8-nomod (17.0.8+7-b1000.8, mixed mode, tiered, compressed oops, compressed class ptrs, g1 gc, windows-amd64)
# Problematic frame:
# C  [jniLLVM.dll+0x249ab8]
#
# No core dump will be written. Minidumps are not enabled by default on client versions of Windows
#
# If you would like to submit a bug report, please visit:
#   https://youtrack.jetbrains.com/issues/JBR
# The crash happened outside the Java Virtual Machine in native code.
# See problematic frame for where to report the bug.
#

---------------  S U M M A R Y ------------

Command Line: -javaagent:C:\Users\janva\AppData\Local\Programs\IntelliJ IDEA Community Edition\lib\idea_rt.jar=55281:C:\Users\janva\AppData\Local\Programs\IntelliJ IDEA Community Edition\bin -Dfile.encoding=UTF-8 nl.endevelopment.MainKt

Host: 11th Gen Intel(R) Core(TM) i7-11800H @ 2.30GHz, 16 cores, 31G,  Windows 11 , 64 bit Build 22621 (10.0.22621.4391)
Time: Fri Nov 15 22:02:27 2024 W. Europe Standard Time elapsed time: 0.693623 seconds (0d 0h 0m 0s)

---------------  T H R E A D  ---------------

Current thread (0x000001db37e11b50):  JavaThread "main" [_thread_in_native, id=34792, stack(0x0000000210e00000,0x0000000210f00000)]

Stack: [0x0000000210e00000,0x0000000210f00000],  sp=0x0000000210eff0a0,  free space=1020k
Native frames: (J=compiled Java code, j=interpreted, Vv=VM code, C=native code)
C  [jniLLVM.dll+0x249ab8]

Java frames: (J=compiled Java code, j=interpreted, Vv=VM code)
j  org.bytedeco.llvm.global.LLVM.LLVMBuildCall2(Lorg/bytedeco/llvm/LLVM/LLVMBuilderRef;Lorg/bytedeco/llvm/LLVM/LLVMTypeRef;Lorg/bytedeco/llvm/LLVM/LLVMValueRef;Lorg/bytedeco/javacpp/PointerPointer;ILjava/lang/String;)Lorg/bytedeco/llvm/LLVM/LLVMValueRef;+0
j  codegen.CodeGenerator.visit(Lnl/endevelopment/ast/Stmt$PrintStmt;)V+237
j  codegen.CodeGenerator.visit(Lnl/endevelopment/ast/Stmt;)V+56
j  codegen.CodeGenerator.generate(Lnl/endevelopment/ast/Program;)V+111
j  nl.endevelopment.compiler.Compiler.compile(Ljava/lang/String;Ljava/lang/String;)V+149
j  nl.endevelopment.MainKt.main([Ljava/lang/String;)V+113
v  ~StubRoutines::call_stub

siginfo: EXCEPTION_ACCESS_VIOLATION (0xc0000005), reading address 0x0000000000000000


Register to memory mapping:

RIP=0x00007ffef7679ab8 jniLLVM.dll
RAX=0x0 is NULL
RBX=0x0000000210eff150 is pointing into the stack for thread: 0x000001db37e11b50
RCX=0x000001db6192c040 points into unknown readable memory: 0x0000000000000000 | 00 00 00 00 00 00 00 00
RDX=0x0 is NULL
RSP=0x0000000210eff0a0 is pointing into the stack for thread: 0x000001db37e11b50
RBP=0x000001db6687bf98 points into unknown readable memory: 0x000001db6611b3c0 | c0 b3 11 66 db 01 00 00
RSI=0x000001db6192c040 points into unknown readable memory: 0x0000000000000000 | 00 00 00 00 00 00 00 00
RDI=0x0000000210eff140 is pointing into the stack for thread: 0x000001db37e11b50
R8 =0x0000000000000038 is an unknown value
R9 =0x000001db6192bfe0 points into unknown readable memory: 0x0000000000000000 | 00 00 00 00 00 00 00 00
R10=0x0 is NULL
R11=0x0000000000000003 is an unknown value
R12=0x000001db619fb720 points into unknown readable memory: 0x000001db619fb730 | 30 b7 9f 61 db 01 00 00
R13=0x000001db61a2cbc0 points into unknown readable memory: 0x6e6972706c6c6163 | 63 61 6c 6c 70 72 69 6e
R14=0x000001db61897908 points into unknown readable memory: 0x000001db6687bf98 | 98 bf 87 66 db 01 00 00
R15=0x000001db6687bf98 points into unknown readable memory: 0x000001db6611b3c0 | c0 b3 11 66 db 01 00 00


Registers:
RAX=0x0000000000000000, RBX=0x0000000210eff150, RCX=0x000001db6192c040, RDX=0x0000000000000000
RSP=0x0000000210eff0a0, RBP=0x000001db6687bf98, RSI=0x000001db6192c040, RDI=0x0000000210eff140
R8 =0x0000000000000038, R9 =0x000001db6192bfe0, R10=0x0000000000000000, R11=0x0000000000000003
R12=0x000001db619fb720, R13=0x000001db61a2cbc0, R14=0x000001db61897908, R15=0x000001db6687bf98
RIP=0x00007ffef7679ab8, EFLAGS=0x0000000000010202

Top of Stack: (sp=0x0000000210eff0a0)
0x0000000210eff0a0:   00000000000000b0 000001db37e11b50
0x0000000210eff0b0:   00007fff0968adf8 000001db37e11b50
0x0000000210eff0c0:   0000000000000000 0000000000000000
0x0000000210eff0d0:   000052640f292714 000001db619fb720
0x0000000210eff0e0:   000001db37e11e00 0000000000000010
0x0000000210eff0f0:   000001db61897908 00007ffef870fc02
0x0000000210eff100:   000001db61897908 000001db6687bf98
0x0000000210eff110:   000001db619fb720 0000000000000000
0x0000000210eff120:   0000000210eff150 0000000210eff188
0x0000000210eff130:   0000000000000000 00007fff095041c7
0x0000000210eff140:   000001db61a2c9e0 0000000000000002
0x0000000210eff150:   0000000000000000 0000000000000000
0x0000000210eff160:   000001db61a2cbc0 000001db61a2c9e0
0x0000000210eff170:   000001db6687bf98 000001db61897908
0x0000000210eff180:   000001db61a20103 00007ffef74efb0b
0x0000000210eff190:   000001db37e11e00 000000000000000a 

Instructions: (pc=0x00007ffef7679ab8)
0x00007ffef76799b8:   8b c1 c3 cc cc cc cc cc 48 89 5c 24 08 48 89 6c
0x00007ffef76799c8:   24 10 48 89 74 24 18 48 89 7c 24 20 41 56 48 83
0x00007ffef76799d8:   ec 50 48 8b 9c 24 80 00 00 00 45 33 d2 49 8b f9
0x00007ffef76799e8:   4d 8b f0 48 8b ea 48 8b f1 0f 10 0b 66 0f 6f c1
0x00007ffef76799f8:   66 0f 73 d8 08 66 48 0f 7e c0 4c 6b d8 38 66 48
0x00007ffef7679a08:   0f 7e c8 4c 03 d8 49 3b c3 74 28 48 83 c0 20 66
0x00007ffef7679a18:   0f 1f 84 00 00 00 00 00 48 8b 48 08 48 2b 08 48
0x00007ffef7679a28:   8d 40 38 48 c1 f9 03 44 03 d1 48 8d 48 e0 49 3b
0x00007ffef7679a38:   cb 75 e5 45 8b 59 08 66 48 0f 7e c9 41 ff c3 66
0x00007ffef7679a48:   0f 6f c1 66 0f 73 d8 08 45 03 da 66 48 0f 7e c0
0x00007ffef7679a58:   33 d2 4c 6b c0 38 4c 03 c1 49 3b c8 74 24 48 83
0x00007ffef7679a68:   c1 20 66 0f 1f 44 00 00 48 8b 41 08 48 2b 01 48
0x00007ffef7679a78:   8d 49 38 48 c1 f8 03 03 d0 48 8d 41 e0 49 3b c0
0x00007ffef7679a88:   75 e6 8b c2 41 b8 38 00 00 00 49 03 41 08 48 8b
0x00007ffef7679a98:   ce 48 8b 55 10 4c 8b ce 48 c1 e0 05 4c 2b c8 48
0x00007ffef7679aa8:   8b 84 24 90 00 00 00 48 89 44 24 28 49 83 e9 20
0x00007ffef7679ab8:   48 8b 12 44 89 5c 24 20 e8 7b ed 0f 01 48 8b 84
0x00007ffef7679ac8:   24 88 00 00 00 4c 8d 4c 24 40 0f 10 03 48 89 44
0x00007ffef7679ad8:   24 28 48 8d 44 24 30 0f 10 0f 4d 8b c6 48 89 44
0x00007ffef7679ae8:   24 20 48 8b d5 48 c7 46 40 00 00 00 00 48 8b ce
0x00007ffef7679af8:   0f 29 44 24 30 0f 29 4c 24 40 e8 19 fd 10 01 48
0x00007ffef7679b08:   8b 5c 24 60 48 8b c6 48 8b 74 24 70 48 8b 6c 24
0x00007ffef7679b18:   68 48 8b 7c 24 78 48 83 c4 50 41 5e c3 cc cc cc
0x00007ffef7679b28:   cc cc cc cc cc cc cc cc 48 89 5c 24 10 57 48 83
0x00007ffef7679b38:   ec 20 48 8b fa 48 8b d9 48 8b 12 48 89 11 48 85
0x00007ffef7679b48:   d2 74 0b 41 b8 02 00 00 00 e8 da da 13 01 8b 4f
0x00007ffef7679b58:   08 48 8b c3 89 4b 08 48 8b 5c 24 38 48 83 c4 20
0x00007ffef7679b68:   5f c3 cc cc cc cc cc cc 66 c7 41 20 01 01 48 8b
0x00007ffef7679b78:   c1 80 3a 00 74 08 48 89 11 c6 41 20 03 c3 c6 41
0x00007ffef7679b88:   20 01 c3 cc cc cc cc cc 48 89 5c 24 08 57 48 83
0x00007ffef7679b98:   ec 20 48 8b f9 48 8b 09 48 8b 59 08 80 7b 19 00
0x00007ffef7679ba8:   75 2e 66 0f 1f 44 00 00 4c 8b 43 10 48 8b d7 48 


Stack slot to memory mapping:
stack at sp + 0 slots: 0x00000000000000b0 is an unknown value
stack at sp + 1 slots: 0x000001db37e11b50 is a thread
stack at sp + 2 slots: 0x00007fff0968adf8 jvm.dll::JNI_ArgumentPusherVaArg::`vftable' + 0x0
stack at sp + 3 slots: 0x000001db37e11b50 is a thread
stack at sp + 4 slots: 0x0 is NULL
stack at sp + 5 slots: 0x0 is NULL
stack at sp + 6 slots: 0x000052640f292714 is an unknown value
stack at sp + 7 slots: 0x000001db619fb720 points into unknown readable memory: 0x000001db619fb730 | 30 b7 9f 61 db 01 00 00


---------------  P R O C E S S  ---------------

Threads class SMR info:
_java_thread_list=0x000001db61589f20, length=20, elements={
0x000001db37e11b50, 0x000001db60d31060, 0x000001db60d32430, 0x000001db60d6f950,
0x000001db60d70510, 0x000001db60d81670, 0x000001db60d81f40, 0x000001db60d87600,
0x000001db60d87bd0, 0x000001db60d909f0, 0x000001db60e82440, 0x000001db60eb0e60,
0x000001db60f1be10, 0x000001db60f19490, 0x000001db60f06cb0, 0x000001db61500080,
0x000001db61402b80, 0x000001db6190d6d0, 0x000001db6153bb30, 0x000001db66f86fc0
}

Java Threads: ( => current thread )
=>0x000001db37e11b50 JavaThread "main" [_thread_in_native, id=34792, stack(0x0000000210e00000,0x0000000210f00000)]
  0x000001db60d31060 JavaThread "Reference Handler" daemon [_thread_blocked, id=1800, stack(0x0000000211500000,0x0000000211600000)]
  0x000001db60d32430 JavaThread "Finalizer" daemon [_thread_blocked, id=10596, stack(0x0000000211600000,0x0000000211700000)]
  0x000001db60d6f950 JavaThread "Signal Dispatcher" daemon [_thread_blocked, id=2296, stack(0x0000000211700000,0x0000000211800000)]
  0x000001db60d70510 JavaThread "Attach Listener" daemon [_thread_blocked, id=6828, stack(0x0000000211800000,0x0000000211900000)]
  0x000001db60d81670 JavaThread "Service Thread" daemon [_thread_blocked, id=29544, stack(0x0000000211900000,0x0000000211a00000)]
  0x000001db60d81f40 JavaThread "Monitor Deflation Thread" daemon [_thread_blocked, id=3988, stack(0x0000000211a00000,0x0000000211b00000)]
  0x000001db60d87600 JavaThread "C2 CompilerThread0" daemon [_thread_blocked, id=28580, stack(0x0000000211b00000,0x0000000211c00000)]
  0x000001db60d87bd0 JavaThread "C1 CompilerThread0" daemon [_thread_blocked, id=14844, stack(0x0000000211c00000,0x0000000211d00000)]
  0x000001db60d909f0 JavaThread "Sweeper thread" daemon [_thread_blocked, id=6532, stack(0x0000000211d00000,0x0000000211e00000)]
  0x000001db60e82440 JavaThread "Common-Cleaner" daemon [_thread_blocked, id=28724, stack(0x0000000211e00000,0x0000000211f00000)]
  0x000001db60eb0e60 JavaThread "C1 CompilerThread1" daemon [_thread_blocked, id=26820, stack(0x0000000211f00000,0x0000000212000000)]
  0x000001db60f1be10 JavaThread "C1 CompilerThread2" daemon [_thread_blocked, id=30204, stack(0x0000000212000000,0x0000000212100000)]
  0x000001db60f19490 JavaThread "C1 CompilerThread3" daemon [_thread_blocked, id=17484, stack(0x0000000212100000,0x0000000212200000)]
  0x000001db60f06cb0 JavaThread "C2 CompilerThread1" daemon [_thread_blocked, id=17860, stack(0x0000000212200000,0x0000000212300000)]
  0x000001db61500080 JavaThread "Monitor Ctrl-Break" daemon [_thread_in_native, id=33088, stack(0x0000000212300000,0x0000000212400000)]
  0x000001db61402b80 JavaThread "Notification Thread" daemon [_thread_blocked, id=26676, stack(0x0000000212400000,0x0000000212500000)]
  0x000001db6190d6d0 JavaThread "C2 CompilerThread2" daemon [_thread_blocked, id=25428, stack(0x0000000212600000,0x0000000212700000)]
  0x000001db6153bb30 JavaThread "C2 CompilerThread3" daemon [_thread_blocked, id=23072, stack(0x0000000212700000,0x0000000212800000)]
  0x000001db66f86fc0 JavaThread "JavaCPP Deallocator" daemon [_thread_blocked, id=31144, stack(0x0000000213300000,0x0000000213400000)]

Other Threads:
  0x000001db60d2d480 VMThread "VM Thread" [stack: 0x0000000211400000,0x0000000211500000] [id=13048]
  0x000001db614bf830 WatcherThread [stack: 0x0000000212500000,0x0000000212600000] [id=33652]
  0x000001db5dce0880 GCTaskThread "GC Thread#0" [stack: 0x0000000210f00000,0x0000000211000000] [id=23832]
  0x000001db662903c0 GCTaskThread "GC Thread#1" [stack: 0x0000000212800000,0x0000000212900000] [id=37048]
  0x000001db614ffd60 GCTaskThread "GC Thread#2" [stack: 0x0000000212900000,0x0000000212a00000] [id=32208]
  0x000001db662c2e80 GCTaskThread "GC Thread#3" [stack: 0x0000000212a00000,0x0000000212b00000] [id=21984]
  0x000001db66340500 GCTaskThread "GC Thread#4" [stack: 0x0000000212b00000,0x0000000212c00000] [id=27136]
  0x000001db6661cb60 GCTaskThread "GC Thread#5" [stack: 0x0000000212c00000,0x0000000212d00000] [id=20056]
  0x000001db6661da40 GCTaskThread "GC Thread#6" [stack: 0x0000000212d00000,0x0000000212e00000] [id=22844]
  0x000001db6661dd00 GCTaskThread "GC Thread#7" [stack: 0x0000000212e00000,0x0000000212f00000] [id=6492]
  0x000001db6661dfc0 GCTaskThread "GC Thread#8" [stack: 0x0000000212f00000,0x0000000213000000] [id=30216]
  0x000001db66278c60 GCTaskThread "GC Thread#9" [stack: 0x0000000213000000,0x0000000213100000] [id=27824]
  0x000001db660ee860 GCTaskThread "GC Thread#10" [stack: 0x0000000213100000,0x0000000213200000] [id=2788]
  0x000001db660eeb20 GCTaskThread "GC Thread#11" [stack: 0x0000000213200000,0x0000000213300000] [id=30044]
  0x000001db37e91620 ConcurrentGCThread "G1 Main Marker" [stack: 0x0000000211000000,0x0000000211100000] [id=23080]
  0x000001db37e91f40 ConcurrentGCThread "G1 Conc#0" [stack: 0x0000000211100000,0x0000000211200000] [id=5412]
  0x000001db5dda3630 ConcurrentGCThread "G1 Refine#0" [stack: 0x0000000211200000,0x0000000211300000] [id=37352]
  0x000001db5dda6070 ConcurrentGCThread "G1 Service" [stack: 0x0000000211300000,0x0000000211400000] [id=27528]

Threads with active compile tasks:

VM state: not at safepoint (normal execution)

VM Mutex/Monitor currently owned by a thread: None

Heap address: 0x0000000604400000, size: 8124 MB, Compressed Oops mode: Zero based, Oop shift amount: 3

CDS archive(s) not mapped
Compressed class space mapped at: 0x0000000800000000-0x0000000840000000, reserved size: 1073741824
Narrow klass base: 0x0000000800000000, Narrow klass shift: 0, Narrow klass range: 0x40000000

GC Precious Log:
 CPUs: 16 total, 16 available
 Memory: 32487M
 Large Page Support: Disabled
 NUMA Support: Disabled
 Compressed Oops: Enabled (Zero based)
 Heap Region Size: 4M
 Heap Min Capacity: 8M
 Heap Initial Capacity: 508M
 Heap Max Capacity: 8124M
 Pre-touch: Disabled
 Parallel Workers: 13
 Concurrent Workers: 3
 Concurrent Refinement Workers: 13
 Periodic GC: Disabled

Heap:
 garbage-first heap   total 520192K, used 24878K [0x0000000604400000, 0x0000000800000000)
  region size 4096K, 7 young (28672K), 1 survivors (4096K)
 Metaspace       used 10834K, committed 10944K, reserved 1114112K
  class space    used 927K, committed 960K, reserved 1048576K

Heap Regions: E=young(eden), S=young(survivor), O=old, HS=humongous(starts), HC=humongous(continues), CS=collection set, F=free, OA=open archive, CA=closed archive, TAMS=top-at-mark-start (previous, next)
|   0|0x0000000604400000, 0x0000000604800000, 0x0000000604800000|100%| O|  |TAMS 0x0000000604400000, 0x0000000604400000| Untracked 
|   1|0x0000000604800000, 0x0000000604827e00, 0x0000000604c00000|  3%| O|  |TAMS 0x0000000604800000, 0x0000000604800000| Untracked 
|   2|0x0000000604c00000, 0x0000000604c00000, 0x0000000605000000|  0%| F|  |TAMS 0x0000000604c00000, 0x0000000604c00000| Untracked 
|   3|0x0000000605000000, 0x0000000605000000, 0x0000000605400000|  0%| F|  |TAMS 0x0000000605000000, 0x0000000605000000| Untracked 
|   4|0x0000000605400000, 0x0000000605400000, 0x0000000605800000|  0%| F|  |TAMS 0x0000000605400000, 0x0000000605400000| Untracked 
|   5|0x0000000605800000, 0x0000000605800000, 0x0000000605c00000|  0%| F|  |TAMS 0x0000000605800000, 0x0000000605800000| Untracked 
|   6|0x0000000605c00000, 0x0000000605c00000, 0x0000000606000000|  0%| F|  |TAMS 0x0000000605c00000, 0x0000000605c00000| Untracked 
|   7|0x0000000606000000, 0x0000000606000000, 0x0000000606400000|  0%| F|  |TAMS 0x0000000606000000, 0x0000000606000000| Untracked 
|   8|0x0000000606400000, 0x0000000606400000, 0x0000000606800000|  0%| F|  |TAMS 0x0000000606400000, 0x0000000606400000| Untracked 
|   9|0x0000000606800000, 0x0000000606800000, 0x0000000606c00000|  0%| F|  |TAMS 0x0000000606800000, 0x0000000606800000| Untracked 
|  10|0x0000000606c00000, 0x0000000606c00000, 0x0000000607000000|  0%| F|  |TAMS 0x0000000606c00000, 0x0000000606c00000| Untracked 
|  11|0x0000000607000000, 0x0000000607000000, 0x0000000607400000|  0%| F|  |TAMS 0x0000000607000000, 0x0000000607000000| Untracked 
|  12|0x0000000607400000, 0x0000000607400000, 0x0000000607800000|  0%| F|  |TAMS 0x0000000607400000, 0x0000000607400000| Untracked 
|  13|0x0000000607800000, 0x0000000607800000, 0x0000000607c00000|  0%| F|  |TAMS 0x0000000607800000, 0x0000000607800000| Untracked 
|  14|0x0000000607c00000, 0x0000000607c00000, 0x0000000608000000|  0%| F|  |TAMS 0x0000000607c00000, 0x0000000607c00000| Untracked 
|  15|0x0000000608000000, 0x0000000608000000, 0x0000000608400000|  0%| F|  |TAMS 0x0000000608000000, 0x0000000608000000| Untracked 
|  16|0x0000000608400000, 0x0000000608400000, 0x0000000608800000|  0%| F|  |TAMS 0x0000000608400000, 0x0000000608400000| Untracked 
|  17|0x0000000608800000, 0x0000000608800000, 0x0000000608c00000|  0%| F|  |TAMS 0x0000000608800000, 0x0000000608800000| Untracked 
|  18|0x0000000608c00000, 0x0000000608c00000, 0x0000000609000000|  0%| F|  |TAMS 0x0000000608c00000, 0x0000000608c00000| Untracked 
|  19|0x0000000609000000, 0x0000000609000000, 0x0000000609400000|  0%| F|  |TAMS 0x0000000609000000, 0x0000000609000000| Untracked 
|  20|0x0000000609400000, 0x0000000609400000, 0x0000000609800000|  0%| F|  |TAMS 0x0000000609400000, 0x0000000609400000| Untracked 
|  21|0x0000000609800000, 0x0000000609800000, 0x0000000609c00000|  0%| F|  |TAMS 0x0000000609800000, 0x0000000609800000| Untracked 
|  22|0x0000000609c00000, 0x0000000609c00000, 0x000000060a000000|  0%| F|  |TAMS 0x0000000609c00000, 0x0000000609c00000| Untracked 
|  23|0x000000060a000000, 0x000000060a000000, 0x000000060a400000|  0%| F|  |TAMS 0x000000060a000000, 0x000000060a000000| Untracked 
|  24|0x000000060a400000, 0x000000060a400000, 0x000000060a800000|  0%| F|  |TAMS 0x000000060a400000, 0x000000060a400000| Untracked 
|  25|0x000000060a800000, 0x000000060a800000, 0x000000060ac00000|  0%| F|  |TAMS 0x000000060a800000, 0x000000060a800000| Untracked 
|  26|0x000000060ac00000, 0x000000060ac00000, 0x000000060b000000|  0%| F|  |TAMS 0x000000060ac00000, 0x000000060ac00000| Untracked 
|  27|0x000000060b000000, 0x000000060b000000, 0x000000060b400000|  0%| F|  |TAMS 0x000000060b000000, 0x000000060b000000| Untracked 
|  28|0x000000060b400000, 0x000000060b400000, 0x000000060b800000|  0%| F|  |TAMS 0x000000060b400000, 0x000000060b400000| Untracked 
|  29|0x000000060b800000, 0x000000060b800000, 0x000000060bc00000|  0%| F|  |TAMS 0x000000060b800000, 0x000000060b800000| Untracked 
|  30|0x000000060bc00000, 0x000000060bc00000, 0x000000060c000000|  0%| F|  |TAMS 0x000000060bc00000, 0x000000060bc00000| Untracked 
|  31|0x000000060c000000, 0x000000060c000000, 0x000000060c400000|  0%| F|  |TAMS 0x000000060c000000, 0x000000060c000000| Untracked 
|  32|0x000000060c400000, 0x000000060c400000, 0x000000060c800000|  0%| F|  |TAMS 0x000000060c400000, 0x000000060c400000| Untracked 
|  33|0x000000060c800000, 0x000000060c800000, 0x000000060cc00000|  0%| F|  |TAMS 0x000000060c800000, 0x000000060c800000| Untracked 
|  34|0x000000060cc00000, 0x000000060cc00000, 0x000000060d000000|  0%| F|  |TAMS 0x000000060cc00000, 0x000000060cc00000| Untracked 
|  35|0x000000060d000000, 0x000000060d000000, 0x000000060d400000|  0%| F|  |TAMS 0x000000060d000000, 0x000000060d000000| Untracked 
|  36|0x000000060d400000, 0x000000060d400000, 0x000000060d800000|  0%| F|  |TAMS 0x000000060d400000, 0x000000060d400000| Untracked 
|  37|0x000000060d800000, 0x000000060d800000, 0x000000060dc00000|  0%| F|  |TAMS 0x000000060d800000, 0x000000060d800000| Untracked 
|  38|0x000000060dc00000, 0x000000060dc00000, 0x000000060e000000|  0%| F|  |TAMS 0x000000060dc00000, 0x000000060dc00000| Untracked 
|  39|0x000000060e000000, 0x000000060e000000, 0x000000060e400000|  0%| F|  |TAMS 0x000000060e000000, 0x000000060e000000| Untracked 
|  40|0x000000060e400000, 0x000000060e400000, 0x000000060e800000|  0%| F|  |TAMS 0x000000060e400000, 0x000000060e400000| Untracked 
|  41|0x000000060e800000, 0x000000060e800000, 0x000000060ec00000|  0%| F|  |TAMS 0x000000060e800000, 0x000000060e800000| Untracked 
|  42|0x000000060ec00000, 0x000000060ec00000, 0x000000060f000000|  0%| F|  |TAMS 0x000000060ec00000, 0x000000060ec00000| Untracked 
|  43|0x000000060f000000, 0x000000060f000000, 0x000000060f400000|  0%| F|  |TAMS 0x000000060f000000, 0x000000060f000000| Untracked 
|  44|0x000000060f400000, 0x000000060f400000, 0x000000060f800000|  0%| F|  |TAMS 0x000000060f400000, 0x000000060f400000| Untracked 
|  45|0x000000060f800000, 0x000000060f800000, 0x000000060fc00000|  0%| F|  |TAMS 0x000000060f800000, 0x000000060f800000| Untracked 
|  46|0x000000060fc00000, 0x000000060fc00000, 0x0000000610000000|  0%| F|  |TAMS 0x000000060fc00000, 0x000000060fc00000| Untracked 
|  47|0x0000000610000000, 0x0000000610000000, 0x0000000610400000|  0%| F|  |TAMS 0x0000000610000000, 0x0000000610000000| Untracked 
|  48|0x0000000610400000, 0x0000000610400000, 0x0000000610800000|  0%| F|  |TAMS 0x0000000610400000, 0x0000000610400000| Untracked 
|  49|0x0000000610800000, 0x0000000610800000, 0x0000000610c00000|  0%| F|  |TAMS 0x0000000610800000, 0x0000000610800000| Untracked 
|  50|0x0000000610c00000, 0x0000000610c00000, 0x0000000611000000|  0%| F|  |TAMS 0x0000000610c00000, 0x0000000610c00000| Untracked 
|  51|0x0000000611000000, 0x0000000611000000, 0x0000000611400000|  0%| F|  |TAMS 0x0000000611000000, 0x0000000611000000| Untracked 
|  52|0x0000000611400000, 0x0000000611400000, 0x0000000611800000|  0%| F|  |TAMS 0x0000000611400000, 0x0000000611400000| Untracked 
|  53|0x0000000611800000, 0x0000000611800000, 0x0000000611c00000|  0%| F|  |TAMS 0x0000000611800000, 0x0000000611800000| Untracked 
|  54|0x0000000611c00000, 0x0000000611c00000, 0x0000000612000000|  0%| F|  |TAMS 0x0000000611c00000, 0x0000000611c00000| Untracked 
|  55|0x0000000612000000, 0x0000000612000000, 0x0000000612400000|  0%| F|  |TAMS 0x0000000612000000, 0x0000000612000000| Untracked 
|  56|0x0000000612400000, 0x0000000612400000, 0x0000000612800000|  0%| F|  |TAMS 0x0000000612400000, 0x0000000612400000| Untracked 
|  57|0x0000000612800000, 0x0000000612800000, 0x0000000612c00000|  0%| F|  |TAMS 0x0000000612800000, 0x0000000612800000| Untracked 
|  58|0x0000000612c00000, 0x0000000612c00000, 0x0000000613000000|  0%| F|  |TAMS 0x0000000612c00000, 0x0000000612c00000| Untracked 
|  59|0x0000000613000000, 0x0000000613000000, 0x0000000613400000|  0%| F|  |TAMS 0x0000000613000000, 0x0000000613000000| Untracked 
|  60|0x0000000613400000, 0x0000000613400000, 0x0000000613800000|  0%| F|  |TAMS 0x0000000613400000, 0x0000000613400000| Untracked 
|  61|0x0000000613800000, 0x0000000613800000, 0x0000000613c00000|  0%| F|  |TAMS 0x0000000613800000, 0x0000000613800000| Untracked 
|  62|0x0000000613c00000, 0x0000000613c00000, 0x0000000614000000|  0%| F|  |TAMS 0x0000000613c00000, 0x0000000613c00000| Untracked 
|  63|0x0000000614000000, 0x0000000614000000, 0x0000000614400000|  0%| F|  |TAMS 0x0000000614000000, 0x0000000614000000| Untracked 
|  64|0x0000000614400000, 0x0000000614400000, 0x0000000614800000|  0%| F|  |TAMS 0x0000000614400000, 0x0000000614400000| Untracked 
|  65|0x0000000614800000, 0x0000000614800000, 0x0000000614c00000|  0%| F|  |TAMS 0x0000000614800000, 0x0000000614800000| Untracked 
|  66|0x0000000614c00000, 0x0000000614c00000, 0x0000000615000000|  0%| F|  |TAMS 0x0000000614c00000, 0x0000000614c00000| Untracked 
|  67|0x0000000615000000, 0x0000000615000000, 0x0000000615400000|  0%| F|  |TAMS 0x0000000615000000, 0x0000000615000000| Untracked 
|  68|0x0000000615400000, 0x0000000615400000, 0x0000000615800000|  0%| F|  |TAMS 0x0000000615400000, 0x0000000615400000| Untracked 
|  69|0x0000000615800000, 0x0000000615800000, 0x0000000615c00000|  0%| F|  |TAMS 0x0000000615800000, 0x0000000615800000| Untracked 
|  70|0x0000000615c00000, 0x0000000615c00000, 0x0000000616000000|  0%| F|  |TAMS 0x0000000615c00000, 0x0000000615c00000| Untracked 
|  71|0x0000000616000000, 0x0000000616000000, 0x0000000616400000|  0%| F|  |TAMS 0x0000000616000000, 0x0000000616000000| Untracked 
|  72|0x0000000616400000, 0x0000000616400000, 0x0000000616800000|  0%| F|  |TAMS 0x0000000616400000, 0x0000000616400000| Untracked 
|  73|0x0000000616800000, 0x0000000616800000, 0x0000000616c00000|  0%| F|  |TAMS 0x0000000616800000, 0x0000000616800000| Untracked 
|  74|0x0000000616c00000, 0x0000000616c00000, 0x0000000617000000|  0%| F|  |TAMS 0x0000000616c00000, 0x0000000616c00000| Untracked 
|  75|0x0000000617000000, 0x0000000617000000, 0x0000000617400000|  0%| F|  |TAMS 0x0000000617000000, 0x0000000617000000| Untracked 
|  76|0x0000000617400000, 0x0000000617400000, 0x0000000617800000|  0%| F|  |TAMS 0x0000000617400000, 0x0000000617400000| Untracked 
|  77|0x0000000617800000, 0x0000000617800000, 0x0000000617c00000|  0%| F|  |TAMS 0x0000000617800000, 0x0000000617800000| Untracked 
|  78|0x0000000617c00000, 0x0000000617c00000, 0x0000000618000000|  0%| F|  |TAMS 0x0000000617c00000, 0x0000000617c00000| Untracked 
|  79|0x0000000618000000, 0x0000000618000000, 0x0000000618400000|  0%| F|  |TAMS 0x0000000618000000, 0x0000000618000000| Untracked 
|  80|0x0000000618400000, 0x0000000618400000, 0x0000000618800000|  0%| F|  |TAMS 0x0000000618400000, 0x0000000618400000| Untracked 
|  81|0x0000000618800000, 0x0000000618800000, 0x0000000618c00000|  0%| F|  |TAMS 0x0000000618800000, 0x0000000618800000| Untracked 
|  82|0x0000000618c00000, 0x0000000618c00000, 0x0000000619000000|  0%| F|  |TAMS 0x0000000618c00000, 0x0000000618c00000| Untracked 
|  83|0x0000000619000000, 0x0000000619000000, 0x0000000619400000|  0%| F|  |TAMS 0x0000000619000000, 0x0000000619000000| Untracked 
|  84|0x0000000619400000, 0x0000000619400000, 0x0000000619800000|  0%| F|  |TAMS 0x0000000619400000, 0x0000000619400000| Untracked 
|  85|0x0000000619800000, 0x0000000619800000, 0x0000000619c00000|  0%| F|  |TAMS 0x0000000619800000, 0x0000000619800000| Untracked 
|  86|0x0000000619c00000, 0x0000000619c00000, 0x000000061a000000|  0%| F|  |TAMS 0x0000000619c00000, 0x0000000619c00000| Untracked 
|  87|0x000000061a000000, 0x000000061a000000, 0x000000061a400000|  0%| F|  |TAMS 0x000000061a000000, 0x000000061a000000| Untracked 
|  88|0x000000061a400000, 0x000000061a400000, 0x000000061a800000|  0%| F|  |TAMS 0x000000061a400000, 0x000000061a400000| Untracked 
|  89|0x000000061a800000, 0x000000061a800000, 0x000000061ac00000|  0%| F|  |TAMS 0x000000061a800000, 0x000000061a800000| Untracked 
|  90|0x000000061ac00000, 0x000000061ac00000, 0x000000061b000000|  0%| F|  |TAMS 0x000000061ac00000, 0x000000061ac00000| Untracked 
|  91|0x000000061b000000, 0x000000061b000000, 0x000000061b400000|  0%| F|  |TAMS 0x000000061b000000, 0x000000061b000000| Untracked 
|  92|0x000000061b400000, 0x000000061b400000, 0x000000061b800000|  0%| F|  |TAMS 0x000000061b400000, 0x000000061b400000| Untracked 
|  93|0x000000061b800000, 0x000000061b800000, 0x000000061bc00000|  0%| F|  |TAMS 0x000000061b800000, 0x000000061b800000| Untracked 
|  94|0x000000061bc00000, 0x000000061bc00000, 0x000000061c000000|  0%| F|  |TAMS 0x000000061bc00000, 0x000000061bc00000| Untracked 
|  95|0x000000061c000000, 0x000000061c000000, 0x000000061c400000|  0%| F|  |TAMS 0x000000061c000000, 0x000000061c000000| Untracked 
|  96|0x000000061c400000, 0x000000061c400000, 0x000000061c800000|  0%| F|  |TAMS 0x000000061c400000, 0x000000061c400000| Untracked 
|  97|0x000000061c800000, 0x000000061c800000, 0x000000061cc00000|  0%| F|  |TAMS 0x000000061c800000, 0x000000061c800000| Untracked 
|  98|0x000000061cc00000, 0x000000061cc00000, 0x000000061d000000|  0%| F|  |TAMS 0x000000061cc00000, 0x000000061cc00000| Untracked 
|  99|0x000000061d000000, 0x000000061d000000, 0x000000061d400000|  0%| F|  |TAMS 0x000000061d000000, 0x000000061d000000| Untracked 
| 100|0x000000061d400000, 0x000000061d400000, 0x000000061d800000|  0%| F|  |TAMS 0x000000061d400000, 0x000000061d400000| Untracked 
| 101|0x000000061d800000, 0x000000061d800000, 0x000000061dc00000|  0%| F|  |TAMS 0x000000061d800000, 0x000000061d800000| Untracked 
| 102|0x000000061dc00000, 0x000000061dc00000, 0x000000061e000000|  0%| F|  |TAMS 0x000000061dc00000, 0x000000061dc00000| Untracked 
| 103|0x000000061e000000, 0x000000061e000000, 0x000000061e400000|  0%| F|  |TAMS 0x000000061e000000, 0x000000061e000000| Untracked 
| 104|0x000000061e400000, 0x000000061e400000, 0x000000061e800000|  0%| F|  |TAMS 0x000000061e400000, 0x000000061e400000| Untracked 
| 105|0x000000061e800000, 0x000000061e800000, 0x000000061ec00000|  0%| F|  |TAMS 0x000000061e800000, 0x000000061e800000| Untracked 
| 106|0x000000061ec00000, 0x000000061ec00000, 0x000000061f000000|  0%| F|  |TAMS 0x000000061ec00000, 0x000000061ec00000| Untracked 
| 107|0x000000061f000000, 0x000000061f000000, 0x000000061f400000|  0%| F|  |TAMS 0x000000061f000000, 0x000000061f000000| Untracked 
| 108|0x000000061f400000, 0x000000061f400000, 0x000000061f800000|  0%| F|  |TAMS 0x000000061f400000, 0x000000061f400000| Untracked 
| 109|0x000000061f800000, 0x000000061f800000, 0x000000061fc00000|  0%| F|  |TAMS 0x000000061f800000, 0x000000061f800000| Untracked 
| 110|0x000000061fc00000, 0x000000061fc00000, 0x0000000620000000|  0%| F|  |TAMS 0x000000061fc00000, 0x000000061fc00000| Untracked 
| 111|0x0000000620000000, 0x0000000620000000, 0x0000000620400000|  0%| F|  |TAMS 0x0000000620000000, 0x0000000620000000| Untracked 
| 112|0x0000000620400000, 0x0000000620400000, 0x0000000620800000|  0%| F|  |TAMS 0x0000000620400000, 0x0000000620400000| Untracked 
| 113|0x0000000620800000, 0x0000000620800000, 0x0000000620c00000|  0%| F|  |TAMS 0x0000000620800000, 0x0000000620800000| Untracked 
| 114|0x0000000620c00000, 0x0000000620c00000, 0x0000000621000000|  0%| F|  |TAMS 0x0000000620c00000, 0x0000000620c00000| Untracked 
| 115|0x0000000621000000, 0x0000000621000000, 0x0000000621400000|  0%| F|  |TAMS 0x0000000621000000, 0x0000000621000000| Untracked 
| 116|0x0000000621400000, 0x0000000621400000, 0x0000000621800000|  0%| F|  |TAMS 0x0000000621400000, 0x0000000621400000| Untracked 
| 117|0x0000000621800000, 0x0000000621800000, 0x0000000621c00000|  0%| F|  |TAMS 0x0000000621800000, 0x0000000621800000| Untracked 
| 118|0x0000000621c00000, 0x0000000621c23ba0, 0x0000000622000000|  3%| S|CS|TAMS 0x0000000621c00000, 0x0000000621c00000| Complete 
| 119|0x0000000622000000, 0x0000000622000000, 0x0000000622400000|  0%| F|  |TAMS 0x0000000622000000, 0x0000000622000000| Untracked 
| 120|0x0000000622400000, 0x0000000622400000, 0x0000000622800000|  0%| F|  |TAMS 0x0000000622400000, 0x0000000622400000| Untracked 
| 121|0x0000000622800000, 0x0000000622c00000, 0x0000000622c00000|100%| E|  |TAMS 0x0000000622800000, 0x0000000622800000| Complete 
| 122|0x0000000622c00000, 0x0000000623000000, 0x0000000623000000|100%| E|CS|TAMS 0x0000000622c00000, 0x0000000622c00000| Complete 
| 123|0x0000000623000000, 0x0000000623400000, 0x0000000623400000|100%| E|CS|TAMS 0x0000000623000000, 0x0000000623000000| Complete 
| 124|0x0000000623400000, 0x0000000623800000, 0x0000000623800000|100%| E|CS|TAMS 0x0000000623400000, 0x0000000623400000| Complete 
| 125|0x0000000623800000, 0x0000000623c00000, 0x0000000623c00000|100%| E|CS|TAMS 0x0000000623800000, 0x0000000623800000| Complete 
| 126|0x0000000623c00000, 0x0000000624000000, 0x0000000624000000|100%| E|CS|TAMS 0x0000000623c00000, 0x0000000623c00000| Complete 

Card table byte_map: [0x000001db4be30000,0x000001db4ce10000] _byte_map_base: 0x000001db48e0e000

Marking Bits (Prev, Next): (CMBitMap*) 0x000001db37e7ef00, (CMBitMap*) 0x000001db37e7ef40
 Prev Bits: [0x000001db4ddf0000, 0x000001db55ce0000)
 Next Bits: [0x000001db55ce0000, 0x000001db5dbd0000)

Polling page: 0x000001db375c0000

Metaspace:

Usage:
  Non-class:      9.67 MB used.
      Class:    927.95 KB used.
       Both:     10.58 MB used.

Virtual space:
  Non-class space:       64.00 MB reserved,       9.75 MB ( 15%) committed,  1 nodes.
      Class space:        1.00 GB reserved,     960.00 KB ( <1%) committed,  1 nodes.
             Both:        1.06 GB reserved,      10.69 MB ( <1%) committed. 

Chunk freelists:
   Non-Class:  6.03 MB
       Class:  15.07 MB
        Both:  21.10 MB

MaxMetaspaceSize: unlimited
CompressedClassSpaceSize: 1.00 GB
Initial GC threshold: 21.00 MB
Current GC threshold: 21.00 MB
CDS: off
MetaspaceReclaimPolicy: balanced
 - commit_granule_bytes: 65536.
 - commit_granule_words: 8192.
 - virtual_space_node_default_size: 8388608.
 - enlarge_chunks_in_place: 1.
 - new_chunks_are_fully_committed: 0.
 - uncommit_free_chunks: 1.
 - use_allocation_guard: 0.
 - handle_deallocations: 1.


Internal statistics:

num_allocs_failed_limit: 0.
num_arena_births: 36.
num_arena_deaths: 0.
num_vsnodes_births: 2.
num_vsnodes_deaths: 0.
num_space_committed: 171.
num_space_uncommitted: 0.
num_chunks_returned_to_freelist: 0.
num_chunks_taken_from_freelist: 141.
num_chunk_merges: 0.
num_chunk_splits: 98.
num_chunks_enlarged: 81.
num_inconsistent_stats: 0.

CodeHeap 'non-profiled nmethods': size=119168Kb used=659Kb max_used=659Kb free=118508Kb
 bounds [0x000001db43170000, 0x000001db433e0000, 0x000001db4a5d0000]
CodeHeap 'profiled nmethods': size=119104Kb used=1742Kb max_used=1742Kb free=117361Kb
 bounds [0x000001db3b5d0000, 0x000001db3b840000, 0x000001db42a20000]
CodeHeap 'non-nmethods': size=7488Kb used=2859Kb max_used=2904Kb free=4628Kb
 bounds [0x000001db42a20000, 0x000001db42d00000, 0x000001db43170000]
 total_blobs=1468 nmethods=1017 adapters=361
 compilation: enabled
              stopped_count=0, restarted_count=0
 full_count=0

Compilation events (20 events):
Event: 0.679 Thread 0x000001db60f1be10 1008   !   3       jdk.internal.loader.BuiltinClassLoader::findClassOnClassPathOrNull (64 bytes)
Event: 0.679 Thread 0x000001db60eb0e60 1009       3       java.util.WeakHashMap::put (160 bytes)
Event: 0.679 Thread 0x000001db60f19490 1010       3       java.util.WeakHashMap$Entry::<init> (24 bytes)
Event: 0.679 Thread 0x000001db60d87bd0 1011   !   3       java.util.zip.ZipFile$ZipFileInputStream::read (135 bytes)
Event: 0.679 Thread 0x000001db60f19490 nmethod 1010 0x000001db3b77c110 code [0x000001db3b77c2c0, 0x000001db3b77c6d8]
Event: 0.679 Thread 0x000001db60f19490 1012       3       java.util.zip.ZipFile::ensureOpenOrZipException (19 bytes)
Event: 0.680 Thread 0x000001db60f19490 nmethod 1012 0x000001db3b77c810 code [0x000001db3b77c9c0, 0x000001db3b77cb88]
Event: 0.680 Thread 0x000001db60f19490 1013       3       java.util.zip.ZipFile$ZipFileInputStream::initDataOffset (117 bytes)
Event: 0.680 Thread 0x000001db60d87bd0 nmethod 1011 0x000001db3b77cc90 code [0x000001db3b77cea0, 0x000001db3b77d538]
Event: 0.680 Thread 0x000001db60f19490 nmethod 1013 0x000001db3b77d890 code [0x000001db3b77daa0, 0x000001db3b77e248]
Event: 0.680 Thread 0x000001db60f1be10 nmethod 1008 0x000001db3b77e590 code [0x000001db3b77e980, 0x000001db3b780278]
Event: 0.680 Thread 0x000001db60d87bd0 1014       3       jdk.internal.ref.PhantomCleanable::clean (16 bytes)
Event: 0.680 Thread 0x000001db60f1be10 1015       3       jdk.internal.ref.CleanerImpl$PhantomCleanableRef::performCleanup (10 bytes)
Event: 0.680 Thread 0x000001db60f1be10 nmethod 1015 0x000001db3b780b90 code [0x000001db3b780d40, 0x000001db3b780f28]
Event: 0.681 Thread 0x000001db60d87bd0 nmethod 1014 0x000001db3b781010 code [0x000001db3b7811e0, 0x000001db3b7814a8]
Event: 0.681 Thread 0x000001db60f19490 1016       3       java.util.ArrayDeque::addLast (51 bytes)
Event: 0.681 Thread 0x000001db60eb0e60 nmethod 1009 0x000001db3b781590 code [0x000001db3b781820, 0x000001db3b782848]
Event: 0.681 Thread 0x000001db60f19490 nmethod 1016 0x000001db3b782d90 code [0x000001db3b782f60, 0x000001db3b783438]
Event: 0.681 Thread 0x000001db60eb0e60 1017       3       java.nio.Buffer::hasRemaining (17 bytes)
Event: 0.681 Thread 0x000001db60eb0e60 nmethod 1017 0x000001db3b783610 code [0x000001db3b7837a0, 0x000001db3b783918]

GC Heap History (4 events):
Event: 0.364 GC heap before
{Heap before GC invocations=0 (full 0):
 garbage-first heap   total 520192K, used 20480K [0x0000000604400000, 0x0000000800000000)
  region size 4096K, 6 young (24576K), 0 survivors (0K)
 Metaspace       used 9759K, committed 9920K, reserved 1114112K
  class space    used 767K, committed 832K, reserved 1048576K
}
Event: 0.366 GC heap after
{Heap after GC invocations=1 (full 0):
 garbage-first heap   total 520192K, used 4320K [0x0000000604400000, 0x0000000800000000)
  region size 4096K, 1 young (4096K), 1 survivors (4096K)
 Metaspace       used 9759K, committed 9920K, reserved 1114112K
  class space    used 767K, committed 832K, reserved 1048576K
}
Event: 0.521 GC heap before
{Heap before GC invocations=1 (full 0):
 garbage-first heap   total 520192K, used 32992K [0x0000000604400000, 0x0000000800000000)
  region size 4096K, 8 young (32768K), 1 survivors (4096K)
 Metaspace       used 9781K, committed 9920K, reserved 1114112K
  class space    used 767K, committed 832K, reserved 1048576K
}
Event: 0.524 GC heap after
{Heap after GC invocations=2 (full 0):
 garbage-first heap   total 520192K, used 4398K [0x0000000604400000, 0x0000000800000000)
  region size 4096K, 1 young (4096K), 1 survivors (4096K)
 Metaspace       used 9781K, committed 9920K, reserved 1114112K
  class space    used 767K, committed 832K, reserved 1048576K
}

Dll operation events (3 events):
Event: 0.007 Loaded shared library C:\Users\janva\.jdks\jbr-17.0.8\bin\java.dll
Event: 0.029 Loaded shared library C:\Users\janva\.jdks\jbr-17.0.8\bin\jsvml.dll
Event: 0.117 Loaded shared library C:\Users\janva\.jdks\jbr-17.0.8\bin\zip.dll

Deoptimization events (20 events):
Event: 0.619 Thread 0x000001db37e11b50 DEOPT PACKING pc=0x000001db43195760 sp=0x0000000210efcf80
Event: 0.619 Thread 0x000001db37e11b50 DEOPT UNPACKING pc=0x000001db42a7a1a3 sp=0x0000000210efcf08 mode 2
Event: 0.619 Thread 0x000001db37e11b50 Uncommon trap: trap_request=0xffffffc6 fr.pc=0x000001db43195824 relative=0x0000000000001264
Event: 0.619 Thread 0x000001db37e11b50 Uncommon trap: reason=bimorphic_or_optimized_type_check action=maybe_recompile pc=0x000001db43195824 method=java.util.HashMap.putVal(ILjava/lang/Object;Ljava/lang/Object;ZZ)Ljava/lang/Object; @ 152 c2
Event: 0.619 Thread 0x000001db37e11b50 DEOPT PACKING pc=0x000001db43195824 sp=0x0000000210efcf00
Event: 0.619 Thread 0x000001db37e11b50 DEOPT UNPACKING pc=0x000001db42a7a1a3 sp=0x0000000210efce90 mode 2
Event: 0.619 Thread 0x000001db37e11b50 Uncommon trap: trap_request=0xffffffc6 fr.pc=0x000001db43195760 relative=0x00000000000011a0
Event: 0.619 Thread 0x000001db37e11b50 Uncommon trap: reason=bimorphic_or_optimized_type_check action=maybe_recompile pc=0x000001db43195760 method=java.util.HashMap.putVal(ILjava/lang/Object;Ljava/lang/Object;ZZ)Ljava/lang/Object; @ 56 c2
Event: 0.619 Thread 0x000001db37e11b50 DEOPT PACKING pc=0x000001db43195760 sp=0x0000000210efcf80
Event: 0.619 Thread 0x000001db37e11b50 DEOPT UNPACKING pc=0x000001db42a7a1a3 sp=0x0000000210efcf08 mode 2
Event: 0.619 Thread 0x000001db37e11b50 Uncommon trap: trap_request=0xffffff45 fr.pc=0x000001db431faef4 relative=0x0000000000000ad4
Event: 0.619 Thread 0x000001db37e11b50 Uncommon trap: reason=unstable_if action=reinterpret pc=0x000001db431faef4 method=jdk.internal.loader.URLClassPath.findResource(Ljava/lang/String;Z)Ljava/net/URL; @ 24 c2
Event: 0.619 Thread 0x000001db37e11b50 DEOPT PACKING pc=0x000001db431faef4 sp=0x0000000210efcc80
Event: 0.619 Thread 0x000001db37e11b50 DEOPT UNPACKING pc=0x000001db42a7a1a3 sp=0x0000000210efcca0 mode 2
Event: 0.632 Thread 0x000001db37e11b50 DEOPT PACKING pc=0x000001db3b725f48 sp=0x0000000210efca60
Event: 0.632 Thread 0x000001db37e11b50 DEOPT UNPACKING pc=0x000001db42a7ace3 sp=0x0000000210efbf78 mode 0
Event: 0.645 Thread 0x000001db37e11b50 DEOPT PACKING pc=0x000001db3b725f48 sp=0x0000000210efca20
Event: 0.645 Thread 0x000001db37e11b50 DEOPT UNPACKING pc=0x000001db42a7ace3 sp=0x0000000210efbf38 mode 0
Event: 0.680 Thread 0x000001db37e11b50 DEOPT PACKING pc=0x000001db3b725f48 sp=0x0000000210efe470
Event: 0.680 Thread 0x000001db37e11b50 DEOPT UNPACKING pc=0x000001db42a7ace3 sp=0x0000000210efd988 mode 0

Classes unloaded (0 events):
No events

Classes redefined (0 events):
No events

Internal exceptions (7 events):
Event: 0.173 Thread 0x000001db61500080 Exception <a 'java/lang/NoSuchMethodError'{0x0000000623b906d0}: 'java.lang.Object java.lang.invoke.DirectMethodHandle$Holder.invokeStaticInit(java.lang.Object)'> (0x0000000623b906d0) 
thrown [s\src\hotspot\share\interpreter\linkResolver.cpp, line 771]
Event: 0.180 Thread 0x000001db61500080 Exception <a 'java/lang/NoSuchMethodError'{0x0000000623b9dca0}: 'void java.lang.invoke.DirectMethodHandle$Holder.invokeStatic(java.lang.Object, java.lang.Object)'> (0x0000000623b9dca0) 
thrown [s\src\hotspot\share\interpreter\linkResolver.cpp, line 771]
Event: 0.209 Thread 0x000001db37e11b50 Exception <a 'java/lang/NoSuchMethodError'{0x00000006236c77a0}: 'int java.lang.invoke.DirectMethodHandle$Holder.invokeStaticInit(java.lang.Object, java.lang.Object, java.lang.Object, java.lang.Object)'> (0x00000006236c77a0) 
thrown [s\src\hotspot\share\interpreter\linkResolver.cpp, line 771]
Event: 0.210 Thread 0x000001db37e11b50 Exception <a 'java/lang/NoSuchMethodError'{0x00000006236d1ba8}: 'java.lang.Object java.lang.invoke.DirectMethodHandle$Holder.invokeInterface(java.lang.Object, java.lang.Object)'> (0x00000006236d1ba8) 
thrown [s\src\hotspot\share\interpreter\linkResolver.cpp, line 771]
Event: 0.210 Thread 0x000001db37e11b50 Exception <a 'java/lang/IncompatibleClassChangeError'{0x00000006236d50f8}: Found class java.lang.Object, but interface was expected> (0x00000006236d50f8) 
thrown [s\src\hotspot\share\interpreter\linkResolver.cpp, line 838]
Event: 0.211 Thread 0x000001db37e11b50 Exception <a 'java/lang/NoSuchMethodError'{0x00000006236d80e8}: 'void java.lang.invoke.DirectMethodHandle$Holder.invokeStaticInit(java.lang.Object, java.lang.Object)'> (0x00000006236d80e8) 
thrown [s\src\hotspot\share\interpreter\linkResolver.cpp, line 771]
Event: 0.211 Thread 0x000001db37e11b50 Exception <a 'java/lang/NoSuchMethodError'{0x00000006236dde78}: 'int java.lang.invoke.DirectMethodHandle$Holder.invokeStaticInit(java.lang.Object, java.lang.Object)'> (0x00000006236dde78) 
thrown [s\src\hotspot\share\interpreter\linkResolver.cpp, line 771]

VM Operations (14 events):
Event: 0.108 Executing VM operation: HandshakeAllThreads
Event: 0.108 Executing VM operation: HandshakeAllThreads done
Event: 0.171 Executing VM operation: HandshakeAllThreads
Event: 0.171 Executing VM operation: HandshakeAllThreads done
Event: 0.246 Executing VM operation: HandshakeAllThreads
Event: 0.246 Executing VM operation: HandshakeAllThreads done
Event: 0.364 Executing VM operation: G1CollectForAllocation
Event: 0.366 Executing VM operation: G1CollectForAllocation done
Event: 0.521 Executing VM operation: G1CollectForAllocation
Event: 0.524 Executing VM operation: G1CollectForAllocation done
Event: 0.617 Executing VM operation: HandshakeAllThreads
Event: 0.617 Executing VM operation: HandshakeAllThreads done
Event: 0.681 Executing VM operation: HandshakeAllThreads
Event: 0.681 Executing VM operation: HandshakeAllThreads done

Events (20 events):
Event: 0.666 loading class java/util/regex/Pattern$CharPropertyGreedy done
Event: 0.666 loading class java/util/regex/Pattern$BmpCharPropertyGreedy done
Event: 0.666 loading class java/util/regex/CharPredicates
Event: 0.666 loading class java/util/regex/CharPredicates done
Event: 0.667 loading class java/util/regex/ASCII
Event: 0.667 loading class java/util/regex/ASCII done
Event: 0.672 loading class java/lang/invoke/BoundMethodHandle$Species_LLL
Event: 0.672 loading class java/lang/invoke/BoundMethodHandle$Species_LLL done
Event: 0.673 loading class java/lang/Long$LongCache
Event: 0.673 loading class java/lang/Long$LongCache done
Event: 0.673 loading class java/lang/invoke/MethodHandles$1
Event: 0.673 loading class java/lang/invoke/MethodHandles$1 done
Event: 0.673 loading class java/lang/invoke/BoundMethodHandle$Species_LJ
Event: 0.673 loading class java/lang/invoke/BoundMethodHandle$Species_LJ done
Event: 0.673 loading class java/lang/invoke/BoundMethodHandle$Species_LLLL
Event: 0.673 loading class java/lang/invoke/BoundMethodHandle$Species_LLLL done
Event: 0.675 loading class java/lang/NoSuchFieldError
Event: 0.675 loading class java/lang/NoSuchFieldError done
Event: 0.681 loading class java/util/ArrayList$ListItr
Event: 0.681 loading class java/util/ArrayList$ListItr done


Dynamic libraries:
0x00007ff673640000 - 0x00007ff67364a000 	C:\Users\janva\.jdks\jbr-17.0.8\bin\java.exe
0x00007ff81eeb0000 - 0x00007ff81f0c7000 	C:\WINDOWS\SYSTEM32\ntdll.dll
0x00007ff81da30000 - 0x00007ff81daf4000 	C:\WINDOWS\System32\KERNEL32.DLL
0x00007ff81c4b0000 - 0x00007ff81c869000 	C:\WINDOWS\System32\KERNELBASE.dll
0x00007ff81c2d0000 - 0x00007ff81c3e1000 	C:\WINDOWS\System32\ucrtbase.dll
0x00007ff80eff0000 - 0x00007ff80f007000 	C:\Users\janva\.jdks\jbr-17.0.8\bin\jli.dll
0x00007ff802cd0000 - 0x00007ff802ceb000 	C:\Users\janva\.jdks\jbr-17.0.8\bin\VCRUNTIME140.dll
0x00007ff81d610000 - 0x00007ff81d7be000 	C:\WINDOWS\System32\USER32.dll
0x00007ffffbc20000 - 0x00007ffffbeb2000 	C:\WINDOWS\WinSxS\amd64_microsoft.windows.common-controls_6595b64144ccf1df_6.0.22621.4391_none_2715d37f73803e96\COMCTL32.dll
0x00007ff81c920000 - 0x00007ff81c946000 	C:\WINDOWS\System32\win32u.dll
0x00007ff81d880000 - 0x00007ff81d927000 	C:\WINDOWS\System32\msvcrt.dll
0x00007ff81dd20000 - 0x00007ff81dd49000 	C:\WINDOWS\System32\GDI32.dll
0x00007ff81c1b0000 - 0x00007ff81c2cb000 	C:\WINDOWS\System32\gdi32full.dll
0x00007ff81c950000 - 0x00007ff81c9ea000 	C:\WINDOWS\System32\msvcp_win.dll
0x00007ff81e8a0000 - 0x00007ff81e8d1000 	C:\WINDOWS\System32\IMM32.DLL
0x00007ff810c60000 - 0x00007ff810c6c000 	C:\Users\janva\.jdks\jbr-17.0.8\bin\vcruntime140_1.dll
0x00007fffed370000 - 0x00007fffed3fd000 	C:\Users\janva\.jdks\jbr-17.0.8\bin\msvcp140.dll
0x00007fff08d10000 - 0x00007fff09993000 	C:\Users\janva\.jdks\jbr-17.0.8\bin\server\jvm.dll
0x00007ff81cf50000 - 0x00007ff81d002000 	C:\WINDOWS\System32\ADVAPI32.dll
0x00007ff81d7c0000 - 0x00007ff81d867000 	C:\WINDOWS\System32\sechost.dll
0x00007ff81c8f0000 - 0x00007ff81c918000 	C:\WINDOWS\System32\bcrypt.dll
0x00007ff81ed50000 - 0x00007ff81ee64000 	C:\WINDOWS\System32\RPCRT4.dll
0x00007ff81bac0000 - 0x00007ff81bb0d000 	C:\WINDOWS\SYSTEM32\POWRPROF.dll
0x00007ffffb930000 - 0x00007ffffb939000 	C:\WINDOWS\SYSTEM32\WSOCK32.dll
0x00007ff814690000 - 0x00007ff8146c4000 	C:\WINDOWS\SYSTEM32\WINMM.dll
0x00007ff813d40000 - 0x00007ff813d4a000 	C:\WINDOWS\SYSTEM32\VERSION.dll
0x00007ff81e940000 - 0x00007ff81e9b1000 	C:\WINDOWS\System32\WS2_32.dll
0x00007ff81ba40000 - 0x00007ff81ba53000 	C:\WINDOWS\SYSTEM32\UMPDC.dll
0x00007ff81b230000 - 0x00007ff81b248000 	C:\WINDOWS\SYSTEM32\kernel.appcore.dll
0x00007ff802c30000 - 0x00007ff802c3a000 	C:\Users\janva\.jdks\jbr-17.0.8\bin\jimage.dll
0x00007ff80b770000 - 0x00007ff80b9a2000 	C:\WINDOWS\SYSTEM32\DBGHELP.DLL
0x00007ff81e9c0000 - 0x00007ff81ed4f000 	C:\WINDOWS\System32\combase.dll
0x00007ff81d950000 - 0x00007ff81da27000 	C:\WINDOWS\System32\OLEAUT32.dll
0x00007ff80b730000 - 0x00007ff80b762000 	C:\WINDOWS\SYSTEM32\dbgcore.DLL
0x00007ff81c870000 - 0x00007ff81c8eb000 	C:\WINDOWS\System32\bcryptPrimitives.dll
0x00007ff8029a0000 - 0x00007ff8029ae000 	C:\Users\janva\.jdks\jbr-17.0.8\bin\instrument.dll
0x00007ffffb6d0000 - 0x00007ffffb6f5000 	C:\Users\janva\.jdks\jbr-17.0.8\bin\java.dll
0x00007ffff0240000 - 0x00007ffff0258000 	C:\Users\janva\.jdks\jbr-17.0.8\bin\zip.dll
0x00007fffed290000 - 0x00007fffed367000 	C:\Users\janva\.jdks\jbr-17.0.8\bin\jsvml.dll
0x00007ff81dd50000 - 0x00007ff81e5c6000 	C:\WINDOWS\System32\SHELL32.dll
0x00007ff81a0a0000 - 0x00007ff81a9a3000 	C:\WINDOWS\SYSTEM32\windows.storage.dll
0x00007ff819f60000 - 0x00007ff81a09f000 	C:\WINDOWS\SYSTEM32\wintypes.dll
0x00007ff81cbe0000 - 0x00007ff81ccd9000 	C:\WINDOWS\System32\SHCORE.dll
0x00007ff81cd30000 - 0x00007ff81cd8e000 	C:\WINDOWS\System32\shlwapi.dll
0x00007ff81c0e0000 - 0x00007ff81c10b000 	C:\WINDOWS\SYSTEM32\profapi.dll
0x00007fffef720000 - 0x00007fffef739000 	C:\Users\janva\.jdks\jbr-17.0.8\bin\net.dll
0x00007ff815d30000 - 0x00007ff815e66000 	C:\WINDOWS\SYSTEM32\WINHTTP.dll
0x00007ff81b6c0000 - 0x00007ff81b729000 	C:\WINDOWS\system32\mswsock.dll
0x00007fffef340000 - 0x00007fffef356000 	C:\Users\janva\.jdks\jbr-17.0.8\bin\nio.dll
0x00007fffedb20000 - 0x00007fffedb3a000 	C:\Users\janva\AppData\Local\Programs\IntelliJ IDEA Community Edition\bin\breakgen64.dll
0x000001db37d40000 - 0x000001db37d43000 	C:\Users\janva\.jdks\jbr-17.0.8\bin\api-ms-win-crt-locale-l1-1-0.dll
0x000001db37d50000 - 0x000001db37d54000 	C:\Users\janva\.jdks\jbr-17.0.8\bin\api-ms-win-crt-string-l1-1-0.dll
0x000001db37d60000 - 0x000001db37d64000 	C:\Users\janva\.jdks\jbr-17.0.8\bin\api-ms-win-crt-stdio-l1-1-0.dll
0x000001db37d70000 - 0x000001db37d75000 	C:\Users\janva\.jdks\jbr-17.0.8\bin\api-ms-win-crt-math-l1-1-0.dll
0x000001db37d80000 - 0x000001db37d83000 	C:\Users\janva\.jdks\jbr-17.0.8\bin\api-ms-win-crt-heap-l1-1-0.dll
0x000001db37d90000 - 0x000001db37d94000 	C:\Users\janva\.jdks\jbr-17.0.8\bin\api-ms-win-crt-runtime-l1-1-0.dll
0x000001db37da0000 - 0x000001db37da4000 	C:\Users\janva\.jdks\jbr-17.0.8\bin\api-ms-win-crt-convert-l1-1-0.dll
0x000001db37db0000 - 0x000001db37db3000 	C:\Users\janva\.jdks\jbr-17.0.8\bin\api-ms-win-crt-environment-l1-1-0.dll
0x000001db61ab0000 - 0x000001db61ab3000 	C:\Users\janva\.jdks\jbr-17.0.8\bin\api-ms-win-crt-time-l1-1-0.dll
0x000001db61ac0000 - 0x000001db61ac3000 	C:\Users\janva\.jdks\jbr-17.0.8\bin\api-ms-win-crt-filesystem-l1-1-0.dll
0x000001db61ad0000 - 0x000001db61ad3000 	C:\Users\janva\.jdks\jbr-17.0.8\bin\api-ms-win-crt-utility-l1-1-0.dll
0x000001db61ae0000 - 0x000001db61ae5000 	C:\Users\janva\.jdks\jbr-17.0.8\bin\api-ms-win-crt-multibyte-l1-1-0.dll
0x000001db61af0000 - 0x000001db61af3000 	C:\Users\janva\.jdks\jbr-17.0.8\bin\api-ms-win-crt-conio-l1-1-0.dll
0x000001db61b00000 - 0x000001db61b0f000 	C:\Users\janva\.jdks\jbr-17.0.8\bin\api-ms-win-crt-private-l1-1-0.dll
0x000001db61b10000 - 0x000001db61b13000 	C:\Users\janva\.jdks\jbr-17.0.8\bin\api-ms-win-crt-process-l1-1-0.dll
0x000001db61b20000 - 0x000001db61b23000 	C:\Program Files\PowerShell\7\api-ms-win-core-console-l1-2-0.dll
0x000001db61b30000 - 0x000001db61b33000 	C:\Users\janva\.jdks\jbr-17.0.8\bin\api-ms-win-core-string-l1-1-0.dll
0x000001db61b40000 - 0x000001db61b43000 	C:\Users\janva\.jdks\jbr-17.0.8\bin\api-ms-win-core-errorhandling-l1-1-0.dll
0x000001db61b50000 - 0x000001db61b53000 	C:\Users\janva\.jdks\jbr-17.0.8\bin\api-ms-win-core-timezone-l1-1-0.dll
0x000001db61b60000 - 0x000001db61b64000 	C:\Users\janva\.jdks\jbr-17.0.8\bin\api-ms-win-core-file-l1-1-0.dll
0x000001db61b70000 - 0x000001db61b73000 	C:\Users\janva\.jdks\jbr-17.0.8\bin\api-ms-win-core-namedpipe-l1-1-0.dll
0x000001db61c80000 - 0x000001db61c83000 	C:\Users\janva\.jdks\jbr-17.0.8\bin\api-ms-win-core-handle-l1-1-0.dll
0x000001db61c90000 - 0x000001db61c93000 	C:\Users\janva\.jdks\jbr-17.0.8\bin\api-ms-win-core-file-l2-1-0.dll
0x000001db61ca0000 - 0x000001db61ca3000 	C:\Users\janva\.jdks\jbr-17.0.8\bin\api-ms-win-core-heap-l1-1-0.dll
0x000001db61cb0000 - 0x000001db61cb3000 	C:\Users\janva\.jdks\jbr-17.0.8\bin\api-ms-win-core-libraryloader-l1-1-0.dll
0x000001db61cc0000 - 0x000001db61cc3000 	C:\Users\janva\.jdks\jbr-17.0.8\bin\api-ms-win-core-synch-l1-1-0.dll
0x000001db61cd0000 - 0x000001db61cd3000 	C:\Users\janva\.jdks\jbr-17.0.8\bin\api-ms-win-core-processthreads-l1-1-0.dll
0x000001db61ce0000 - 0x000001db61ce3000 	C:\Users\janva\.jdks\jbr-17.0.8\bin\api-ms-win-core-processenvironment-l1-1-0.dll
0x000001db61cf0000 - 0x000001db61cf3000 	C:\Users\janva\.jdks\jbr-17.0.8\bin\api-ms-win-core-datetime-l1-1-0.dll
0x000001db61d00000 - 0x000001db61d03000 	C:\Users\janva\.jdks\jbr-17.0.8\bin\api-ms-win-core-localization-l1-2-0.dll
0x000001db61d10000 - 0x000001db61d13000 	C:\Users\janva\.jdks\jbr-17.0.8\bin\api-ms-win-core-sysinfo-l1-1-0.dll
0x000001db61d20000 - 0x000001db61d23000 	C:\Users\janva\.jdks\jbr-17.0.8\bin\api-ms-win-core-synch-l1-2-0.dll
0x000001db61d30000 - 0x000001db61d33000 	C:\Users\janva\.jdks\jbr-17.0.8\bin\api-ms-win-core-console-l1-1-0.dll
0x000001db61d40000 - 0x000001db61d43000 	C:\Users\janva\.jdks\jbr-17.0.8\bin\api-ms-win-core-debug-l1-1-0.dll
0x000001db61d50000 - 0x000001db61d53000 	C:\Users\janva\.jdks\jbr-17.0.8\bin\api-ms-win-core-rtlsupport-l1-1-0.dll
0x000001db61d60000 - 0x000001db61d63000 	C:\Users\janva\.jdks\jbr-17.0.8\bin\api-ms-win-core-processthreads-l1-1-1.dll
0x000001db61d70000 - 0x000001db61d73000 	C:\Users\janva\.jdks\jbr-17.0.8\bin\api-ms-win-core-file-l1-2-0.dll
0x000001db61ea0000 - 0x000001db61ea3000 	C:\Users\janva\.jdks\jbr-17.0.8\bin\api-ms-win-core-profile-l1-1-0.dll
0x000001db61d80000 - 0x000001db61d83000 	C:\Users\janva\.jdks\jbr-17.0.8\bin\api-ms-win-core-memory-l1-1-0.dll
0x000001db61d90000 - 0x000001db61d93000 	C:\Users\janva\.jdks\jbr-17.0.8\bin\api-ms-win-core-util-l1-1-0.dll
0x000001db61da0000 - 0x000001db61da3000 	C:\Users\janva\.jdks\jbr-17.0.8\bin\api-ms-win-core-interlocked-l1-1-0.dll
0x00007fffed190000 - 0x00007fffed285000 	C:\Users\janva\.jdks\jbr-17.0.8\bin\ucrtbase.dll
0x00007ff802990000 - 0x00007ff802999000 	C:\Windows\System32\msvcp140_1.dll
0x00007fffed140000 - 0x00007fffed18d000 	C:\Windows\System32\concrt140.dll
0x00007fffeda60000 - 0x00007fffeda90000 	C:\Windows\System32\vcomp140.dll
0x00007fff03190000 - 0x00007fff08d06000 	C:\Users\janva\.javacpp\cache\llvm-17.0.6-1.5.10-windows-x86_64.jar\org\bytedeco\llvm\windows-x86_64\LTO.dll
0x00007fffed100000 - 0x00007fffed13c000 	C:\Users\janva\.javacpp\cache\llvm-17.0.6-1.5.10-windows-x86_64.jar\org\bytedeco\llvm\windows-x86_64\Remarks.dll
0x00007ffef7430000 - 0x00007ffefd1b2000 	C:\Users\janva\.javacpp\cache\llvm-17.0.6-1.5.10-windows-x86_64.jar\org\bytedeco\llvm\windows-x86_64\jniLLVM.dll
0x00007ff81db60000 - 0x00007ff81dd05000 	C:\WINDOWS\System32\ole32.dll
0x00007ffffb7a0000 - 0x00007ffffb7af000 	C:\Users\janva\.javacpp\cache\javacpp-1.5.10-windows-x86_64.jar\org\bytedeco\javacpp\windows-x86_64\jnijavacpp.dll

dbghelp: loaded successfully - version: 4.0.5 - missing functions: none
symbol engine: initialized successfully - sym options: 0x614 - pdb path: .;C:\Users\janva\.jdks\jbr-17.0.8\bin;C:\WINDOWS\SYSTEM32;C:\WINDOWS\WinSxS\amd64_microsoft.windows.common-controls_6595b64144ccf1df_6.0.22621.4391_none_2715d37f73803e96;C:\Users\janva\.jdks\jbr-17.0.8\bin\server;C:\Users\janva\AppData\Local\Programs\IntelliJ IDEA Community Edition\bin;C:\Program Files\PowerShell\7;C:\Users\janva\.javacpp\cache\llvm-17.0.6-1.5.10-windows-x86_64.jar\org\bytedeco\llvm\windows-x86_64;C:\Users\janva\.javacpp\cache\javacpp-1.5.10-windows-x86_64.jar\org\bytedeco\javacpp\windows-x86_64

VM Arguments:
jvm_args: -javaagent:C:\Users\janva\AppData\Local\Programs\IntelliJ IDEA Community Edition\lib\idea_rt.jar=55281:C:\Users\janva\AppData\Local\Programs\IntelliJ IDEA Community Edition\bin -Dfile.encoding=UTF-8 
java_command: nl.endevelopment.MainKt
java_class_path (initial): C:\Users\janva\IdeaProjects\slang\build\classes\kotlin\main;C:\Users\janva\IdeaProjects\slang\build\resources\main;C:\Users\janva\.gradle\caches\modules-2\files-2.1\org.jetbrains.kotlin\kotlin-stdlib\2.0.21\618b539767b4899b4660a83006e052b63f1db551\kotlin-stdlib-2.0.21.jar;C:\Users\janva\.gradle\caches\modules-2\files-2.1\org.bytedeco\llvm-platform\17.0.6-1.5.10\a30149fbdbea19228afd20a26eb78d8c8dbc39b8\llvm-platform-17.0.6-1.5.10.jar;C:\Users\janva\.gradle\caches\modules-2\files-2.1\org.bytedeco\llvm\17.0.6-1.5.10\a3397a6cd6fd3dd583ebce99e143783140449553\llvm-17.0.6-1.5.10.jar;C:\Users\janva\.gradle\caches\modules-2\files-2.1\org.bytedeco\llvm\17.0.6-1.5.10\c9b723b4dd318477efa59d6b79ca28ebbfaae5e4\llvm-17.0.6-1.5.10-linux-arm64.jar;C:\Users\janva\.gradle\caches\modules-2\files-2.1\org.bytedeco\llvm\17.0.6-1.5.10\a20ca1b9620fc63dd3becd8b4ad5dc502dfaadcb\llvm-17.0.6-1.5.10-linux-ppc64le.jar;C:\Users\janva\.gradle\caches\modules-2\files-2.1\org.bytedeco\llvm\17.0.6-1.5.10\458d0d1e79d11822745d90968c4a1cc0e5bd2af1\llvm-17.0.6-1.5.10-linux-x86_64.jar;C:\Users\janva\.gradle\caches\modules-2\files-2.1\org.bytedeco\llvm\17.0.6-1.5.10\9fc684251e36911aa28e19fff0d1441bad3022e\llvm-17.0.6-1.5.10-macosx-arm64.jar;C:\Users\janva\.gradle\caches\modules-2\files-2.1\org.bytedeco\llvm\17.0.6-1.5.10\f3409ed281d06d2796309f49175172a75d866b40\llvm-17.0.6-1.5.10-macosx-x86_64.jar;C:\Users\janva\.gradle\caches\modules-2\files-2.1\org.bytedeco\llvm\17.0.6-1.5.10\9d2c755961e9092a6a48d3c790141e46b1147e8f\llvm-17.0.6-1.5.10-windows-x86_64.jar;C:\Users\janva\.gradle\caches\modules-2\files-2.1\org.jetbrains\annotations\13.0\919f0dfe192fb4e063e7dacadee7f8bb9a2672a9\annotations-13.0.jar;C:\Users\janva\.gradle\caches\modules-2\files-2.1\org.bytedeco\javacpp-platform\1.5.10\93c45ea62aecd09325a35144191d6221e4b28f5c\javacpp-platform-1.5.10.jar;C:\Users\janva\.gradle\caches\modules-2\files-2.1\org.bytedeco\javacpp\1.5.10\afb6ae145e7563c66b677cb4896dd0197d49fce6\javacpp-1.5.10
Launcher Type: SUN_STANDARD

[Global flags]
     intx CICompilerCount                          = 12                                        {product} {ergonomic}
     uint ConcGCThreads                            = 3                                         {product} {ergonomic}
     uint G1ConcRefinementThreads                  = 13                                        {product} {ergonomic}
   size_t G1HeapRegionSize                         = 4194304                                   {product} {ergonomic}
    uintx GCDrainStackTargetSize                   = 64                                        {product} {ergonomic}
   size_t InitialHeapSize                          = 532676608                                 {product} {ergonomic}
   size_t MarkStackSize                            = 4194304                                   {product} {ergonomic}
   size_t MaxHeapSize                              = 8518631424                                {product} {ergonomic}
   size_t MaxNewSize                               = 5108662272                                {product} {ergonomic}
   size_t MinHeapDeltaBytes                        = 4194304                                   {product} {ergonomic}
   size_t MinHeapSize                              = 8388608                                   {product} {ergonomic}
    uintx NonNMethodCodeHeapSize                   = 7602480                                {pd product} {ergonomic}
    uintx NonProfiledCodeHeapSize                  = 122027880                              {pd product} {ergonomic}
    uintx ProfiledCodeHeapSize                     = 122027880                              {pd product} {ergonomic}
    uintx ReservedCodeCacheSize                    = 251658240                              {pd product} {ergonomic}
     bool SegmentedCodeCache                       = true                                      {product} {ergonomic}
   size_t SoftMaxHeapSize                          = 8518631424                             {manageable} {ergonomic}
     bool UseCompressedClassPointers               = true                           {product lp64_product} {ergonomic}
     bool UseCompressedOops                        = true                           {product lp64_product} {ergonomic}
     bool UseG1GC                                  = true                                      {product} {ergonomic}
     bool UseLargePagesIndividualAllocation        = false                                  {pd product} {ergonomic}

Logging:
Log output configuration:
 #0: stdout all=warning uptime,level,tags
 #1: stderr all=off uptime,level,tags

Environment Variables:
PATH=C:\Program Files (x86)\VMware\VMware Player\bin\;C:\Windows\system32;C:\Windows;C:\Windows\System32\Wbem;C:\Windows\System32\WindowsPowerShell\v1.0\;C:\Windows\System32\OpenSSH\;C:\Program Files (x86)\NVIDIA Corporation\PhysX\Common;C:\Program Files\NVIDIA Corporation\NVIDIA NvDLISR;C:\Program Files\PowerShell\7\;C:\Program Files\dotnet\;C:\WINDOWS\system32;C:\WINDOWS;C:\WINDOWS\System32\Wbem;C:\WINDOWS\System32\WindowsPowerShell\v1.0\;C:\WINDOWS\System32\OpenSSH\;C:\Program Files\Perforce\;C:\Program Files\Microsoft\Web Platform Installer\;C:\Program Files\Android\Android Studio\jre\bin;C:\Program Files\Git LFS;C:\Program Files\WireGuard\;C:\Program Files\Docker\Docker\resources\bin;C:\ProgramData\DockerDesktop\version-bin;C:\WINDOWS\system32;C:\WINDOWS;C:\WINDOWS\System32\Wbem;C:\WINDOWS\System32\WindowsPowerShell\v1.0\;C:\WINDOWS\System32\OpenSSH\;C:\Program Files\nodejs\;C:\Program Files\usbipd-win\;C:\Program Files\Git\cmd;C:\Users\janva\.cargo\bin;C:\Users\janva\AppData\Local\Programs\Python\Launcher\;C:\Ruby31-x64\bin;C:\Users\janva\AppData\Local\Microsoft\WindowsApps;C:\Program Files\Azure Data Studio\bin;C:\Program Files\JetBrains\IntelliJ IDEA Community Edition 2021.2.2\bin;C:\Users\janva\AppData\Local\Programs\Microsoft VS Code\bin;C:\Users\janva\.dotnet\tools;C:\Users\janva\AppData\Local\JetBrains\Toolbox\scripts;C:\Users\janva\AppDataa\Local\Android\Sdk\platform-tools;C:\Users\janva\AppData\Local\Microsoft\WindowsApps;C:\Users\janva\AppData\Roaming\npm;C:\Users\janva\.dotnet\tools
USERNAME=janva
OS=Windows_NT
PROCESSOR_IDENTIFIER=Intel64 Family 6 Model 141 Stepping 1, GenuineIntel
TMP=C:\Users\janva\AppData\Local\Temp
TEMP=C:\Users\janva\AppData\Local\Temp


JNI global refs:
JNI global refs: 22, weak refs: 192

JNI global refs memory usage: 843, weak refs: 2737

OOME stack traces (most recent first):
Classloader memory used:
Loader bootstrap                                                                       : 1081K
Loader jdk.internal.loader.ClassLoaders$AppClassLoader                                 : 272K


---------------  S Y S T E M  ---------------

OS:
 Windows 11 , 64 bit Build 22621 (10.0.22621.4391)
OS uptime: 1 days 4:10 hours
Hyper-V role detected

CPU: total 16 (initial active 16) (8 cores per cpu, 2 threads per core) family 6 model 141 stepping 1 microcode 0x52, cx8, cmov, fxsr, ht, mmx, 3dnowpref, sse, sse2, sse3, ssse3, sse4.1, sse4.2, popcnt, lzcnt, tsc, tscinvbit, avx, avx2, aes, erms, clmul, bmi1, bmi2, adx, avx512f, avx512dq, avx512cd, avx512bw, avx512vl, sha, fma, vzeroupper, avx512_vpopcntdq, avx512_vpclmulqdq, avx512_vaes, avx512_vnni, clflush, clflushopt, clwb, avx512_vbmi2, avx512_vbmi, hv
Processor Information for all 16 processors :
  Max Mhz: 2304, Current Mhz: 2304, Mhz Limit: 2304

Memory: 4k page, system-wide physical 32487M (12100M free)
TotalPageFile size 34535M (AvailPageFile size 6275M)
current process WorkingSet (physical memory assigned to process): 138M, peak: 138M
current process commit charge ("private bytes"): 669M, peak: 669M

vm_info: OpenJDK 64-Bit Server VM (17.0.8+7-b1000.8) for windows-amd64 JRE (17.0.8+7-b1000.8), built on 2023-08-04 by "builduser" with MS VC++ 16.10 / 16.11 (VS2019)

END.
